[1;32m[INFO] Loaded library "[0m[1;32m/home/allem/Swarm-Intelligence/Project/SR_Project_H414/SR_Project_H414/build/libforaging.so[0m[1;32m"[0m
[1;32m[INFO] Loaded library "[0m[1;32m/home/allem/argos3-dist/lib/argos3/libargos3core_simulator.so[0m[1;32m"[0m
[1;32m[INFO] Loaded library "[0m[1;32m/home/allem/argos3-dist/lib/argos3/libargos3plugin_simulator_qtopengl.so[0m[1;32m"[0m
[1;32m[INFO] Loaded library "[0m[1;32m/home/allem/argos3-dist/lib/argos3/libargos3plugin_simulator_entities.so[0m[1;32m"[0m
[1;32m[INFO] Loaded library "[0m[1;32m/home/allem/argos3-dist/lib/argos3/libargos3plugin_simulator_footbot.so[0m[1;32m"[0m
[1;32m[INFO] Loaded library "[0m[1;32m/home/allem/argos3-dist/lib/argos3/libargos3plugin_simulator_spiri.so[0m[1;32m"[0m
[1;32m[INFO] Loaded library "[0m[1;32m/home/allem/argos3-dist/lib/argos3/libargos3plugin_simulator_pointmass3d.so[0m[1;32m"[0m
[1;32m[INFO] Loaded library "[0m[1;32m/home/allem/argos3-dist/lib/argos3/libargos3plugin_simulator_dynamics2d.so[0m[1;32m"[0m
[1;32m[INFO] Loaded library "[0m[1;32m/home/allem/argos3-dist/lib/argos3/libargos3plugin_simulator_media.so[0m[1;32m"[0m
[1;32m[INFO] Loaded library "[0m[1;32m/home/allem/argos3-dist/lib/argos3/libargos3plugin_simulator_epuck.so[0m[1;32m"[0m
[1;32m[INFO] Loaded library "[0m[1;32m/home/allem/argos3-dist/lib/argos3/libargos3plugin_simulator_prototype.so[0m[1;32m"[0m
[1;32m[INFO] Loaded library "[0m[1;32m/home/allem/argos3-dist/lib/argos3/libargos3plugin_simulator_genericrobot.so[0m[1;32m"[0m
[1;32m[INFO] Loaded library "[0m[1;32m/home/allem/argos3-dist/lib/argos3/libargos3plugin_simulator_dynamics3d.so[0m[1;32m"[0m
[1;32m[INFO] Loaded library "[0m[1;32m/home/allem/argos3-dist/lib/argos3/libargos3plugin_simulator_eyebot.so[0m[1;32m"[0m
[1;32m[INFO] Not using threads[0m
[1;32m[INFO] Using random seed = [0m[1;32m1890[0m
[1;32m[INFO] Using simulation clock tick = [0m[1;32m0.1[0m
[1;32m[INFO] Total experiment length in clock ticks = [0m[1;32m6000[0m
[1;32m[INFO] The physics engine "[0m[1;32mdyn2d[0m[1;32m" will perform [0m[1;32m50[0m[1;32m iterations per tick (dt = [0m[1;32m0.002[0m[1;32m sec)[0m
[1;32m[INFO] No visualization selected.[0m
[1;32mObjects: [0m[1;32m2[0m
[0m