[1;32m[INFO] Loaded library "[0m[1;32m/home/allem/Swarm-Intelligence/Project/SR_Project_H414/SR_Project_H414/build/libforaging.so[0m[1;32m"[0m
[1;32m[INFO] Loaded library "[0m[1;32m/home/allem/argos3-dist/lib/argos3/libargos3core_simulator.so[0m[1;32m"[0m
[1;32m[INFO] Loaded library "[0m[1;32m/home/allem/argos3-dist/lib/argos3/libargos3plugin_simulator_qtopengl.so[0m[1;32m"[0m
[1;32m[INFO] Loaded library "[0m[1;32m/home/allem/argos3-dist/lib/argos3/libargos3plugin_simulator_entities.so[0m[1;32m"[0m
[1;32m[INFO] Loaded library "[0m[1;32m/home/allem/argos3-dist/lib/argos3/libargos3plugin_simulator_footbot.so[0m[1;32m"[0m
[1;32m[INFO] Loaded library "[0m[1;32m/home/allem/argos3-dist/lib/argos3/libargos3plugin_simulator_spiri.so[0m[1;32m"[0m
[1;32m[INFO] Loaded library "[0m[1;32m/home/allem/argos3-dist/lib/argos3/libargos3plugin_simulator_pointmass3d.so[0m[1;32m"[0m
[1;32m[INFO] Loaded library "[0m[1;32m/home/allem/argos3-dist/lib/argos3/libargos3plugin_simulator_dynamics2d.so[0m[1;32m"[0m
[1;32m[INFO] Loaded library "[0m[1;32m/home/allem/argos3-dist/lib/argos3/libargos3plugin_simulator_media.so[0m[1;32m"[0m
[1;32m[INFO] Loaded library "[0m[1;32m/home/allem/argos3-dist/lib/argos3/libargos3plugin_simulator_epuck.so[0m[1;32m"[0m
[1;32m[INFO] Loaded library "[0m[1;32m/home/allem/argos3-dist/lib/argos3/libargos3plugin_simulator_prototype.so[0m[1;32m"[0m
[1;32m[INFO] Loaded library "[0m[1;32m/home/allem/argos3-dist/lib/argos3/libargos3plugin_simulator_genericrobot.so[0m[1;32m"[0m
[1;32m[INFO] Loaded library "[0m[1;32m/home/allem/argos3-dist/lib/argos3/libargos3plugin_simulator_dynamics3d.so[0m[1;32m"[0m
[1;32m[INFO] Loaded library "[0m[1;32m/home/allem/argos3-dist/lib/argos3/libargos3plugin_simulator_eyebot.so[0m[1;32m"[0m
[1;32m[INFO] Using [0m[1;32m4[0m[1;32m parallel threads[0m
[1;32m[INFO]   Chosen method "balance_quantity": threads will be assigned the same[0m
[1;32m[INFO]   number of tasks, independently of the task length.[0m
[1;32m[INFO] Using random seed = [0m[1;32m4363[0m
[1;32m[INFO] Using simulation clock tick = [0m[1;32m0.1[0m
[1;32m[INFO] Total experiment length in clock ticks = [0m[1;32m6000[0m
[1;32m[INFO] The physics engine "[0m[1;32mdyn2d[0m[1;32m" will perform [0m[1;32m50[0m[1;32m iterations per tick (dt = [0m[1;32m0.002[0m[1;32m sec)[0m
[1;32m[INFO] No visualization selected.[0m
[1;32mNEST candidate → floor ref = 0.35[0m
[1;32mannealed alpha = 0.100[0m
[1;32mNEST candidate → floor ref = 0.35[0m
[1;32mannealed alpha = 0.100[0m
[1;32mannealed alpha = 0.100[0m
[1;32mI SEE FOOD! angle=0.92[0m
[1;32mannealed alpha = 0.100[0m
[1;32mannealed alpha = 0.100[0m
[1;32mannealed alpha = 0.100[0m
[1;32mNEST candidate → floor ref = 0.76[0m
[1;32mannealed alpha = 0.100[0m
[1;32mannealed alpha = 0.100[0m
[1;32mI SEE FOOD! angle=-2.32[0m
[1;32mannealed alpha = 0.100[0m
[1;32mannealed alpha = 0.100[0m
[1;32mannealed alpha = 0.100[0m
[1;32mannealed alpha = 0.100[0m
[1;32mannealed alpha = 0.100[0m
[1;32mI SEE FOOD! angle=-0.32[0m
[1;32mannealed alpha = 0.100[0m
[1;32mannealed alpha = 0.100[0m
[1;32mannealed alpha = 0.100[0m
[1;32mAPPROACHING food: angle=0.80[0m
[1;32mAPPROACHING food: angle=-2.00[0m
[1;32mAPPROACHING food: angle=-0.30[0m
[1;32mNEST candidate → floor ref = 0.64[0m
[1;32mNEST candidate → floor ref = 0.52[0m
[1;32mI SEE FOOD! angle=0.45[0m
[1;32mAPPROACHING food: angle=0.39[0m
[1;32mNEST candidate → floor ref = 0.88[0m
[1;32mNEST candidate → floor ref = 0.76[0m
[1;32mNEST candidate → floor ref = 0.76[0m
[1;32mNEST candidate → floor ref = 0.64[0m
[1;32mNEST candidate → floor ref = 0.52[0m
[1;32mFOOD aligned: crossing 9.0 m before rear-lock[0m
[1;32mNEST candidate → floor ref = 0.76[0m
[1;32mI SEE FOOD! angle=0.31[0m
[1;32mLOCK_NEGATIVE performed: object now behind[0m
[1;32mAPPROACHING food: angle=0.27[0m
[1;32mNEST candidate → floor ref = 0.64[0m
[1;32mNEST candidate → floor ref = 0.52[0m
[1;32mNEST candidate → floor ref = 0.76[0m
[1;32mFOOD aligned: crossing 9.0 m before rear-lock[0m
[1;32mNEST candidate → floor ref = 0.88[0m
[1;32mNEST candidate → floor ref = 0.76[0m
[1;32mFOOD aligned: crossing 9.0 m before rear-lock[0m
[1;32mNEST candidate → floor ref = 0.52[0m
[1;32mLOCK_NEGATIVE performed: object now behind[0m
[1;32mLOCK_NEGATIVE performed: object now behind[0m
[1;32mNEST candidate → floor ref = 0.52[0m
[1;32mI SEE FOOD! angle=-0.77[0m
[1;32mAPPROACHING food: angle=-0.68[0m
[1;32mNEST candidate → floor ref = 0.76[0m
[1;32mNEST candidate → floor ref = 0.52[0m
[1;32mFOOD aligned: crossing 9.0 m before rear-lock[0m
[1;32mLOCK_NEGATIVE performed: object now behind[0m
[1;32mFOOD aligned: crossing 9.0 m before rear-lock[0m
[1;32mLOCK_NEGATIVE performed: object now behind[0m
[1;32mI SEE FOOD! angle=-0.01[0m
[1;32mAPPROACHING food: angle=-0.01[0m
[1;32mFOOD aligned: crossing 9.0 m before rear-lock[0m
[1;32mI SEE FOOD! angle=0.97[0m
[1;32mLOCK_NEGATIVE performed: object now behind[0m
[1;32mAPPROACHING food: angle=0.85[0m
[1;32mI SEE FOOD! angle=-0.19[0m
[1;32mAPPROACHING food: angle=-0.19[0m
[1;32mI SEE FOOD! angle=-0.49[0m
[1;32mAPPROACHING food: angle=-0.43[0m
[1;32mFOOD aligned: crossing 9.0 m before rear-lock[0m
[1;32mLOCK_NEGATIVE performed: object now behind[0m
[1;32mNEST candidate → floor ref = 0.35[0m
[1;32mFOOD aligned: crossing 9.0 m before rear-lock[0m
[1;32mLOCK_NEGATIVE performed: object now behind[0m
[1;32mNEST candidate → floor ref = 0.76[0m
[1;32mNEST candidate → floor ref = 0.52[0m
[1;32mI SEE FOOD! angle=0.13[0m
[1;32mAPPROACHING food: angle=0.11[0m
[1;32mNEST candidate → floor ref = 0.84[0m
[1;32mNEST candidate → floor ref = 0.67[0m
[1;32mNEST candidate → floor ref = 0.35[0m
[1;32mFOOD aligned: crossing 9.0 m before rear-lock[0m
[1;32mFOOD aligned: crossing 9.0 m before rear-lock[0m
[1;32mLOCK_NEGATIVE performed: object now behind[0m
[1;32mLOCK_NEGATIVE performed: object now behind[0m
[1;32mNEST candidate → floor ref = 0.35[0m
[1;32mNEST candidate → floor ref = 0.88[0m
[1;32mNEST candidate → floor ref = 0.76[0m
[1;32mI SEE FOOD! angle=-0.49[0m
[1;32mNEST candidate → floor ref = 0.64[0m
[1;32mAPPROACHING food: angle=-0.43[0m
[1;32mNEST candidate → floor ref = 0.52[0m
[1;32mFOOD aligned: crossing 9.0 m before rear-lock[0m
[1;32mNEST candidate → floor ref = 0.88[0m
[1;32mNEST candidate → floor ref = 0.76[0m
[1;32mLOCK_NEGATIVE performed: object now behind[0m
[1;32mFOOD aligned: crossing 9.0 m before rear-lock[0m
[1;32mNEST candidate → floor ref = 0.64[0m
[1;32mLOCK_NEGATIVE performed: object now behind[0m
[1;32mNEST candidate → floor ref = 0.52[0m
[1;32mNEST candidate → floor ref = 0.76[0m
[1;32mDROP in nest & curved escape[0m
[1;32mEARLY-STOP → could not nest: drop & resume wander[0m
[1;32mDROP in nest & curved escape[0m
[1;32mEARLY-STOP → could not nest: drop & resume wander[0m
[1;32mEARLY-STOP → could not nest: drop & resume wander[0m
[1;32mFOOD aligned: crossing 9.0 m before rear-lock[0m
[1;32mNEST candidate → floor ref = 0.64[0m
[1;32mNEST candidate → floor ref = 0.52[0m
[1;32mLOCK_NEGATIVE performed: object now behind[0m
[1;32mNEST candidate → floor ref = 0.88[0m
[1;32mNEST candidate → floor ref = 0.64[0m
[1;32mNEST candidate → floor ref = 0.52[0m
[1;32mEARLY-STOP → could not nest: drop & resume wander[0m
[1;32mFOOD aligned: crossing 9.0 m before rear-lock[0m
[1;32mFOOD aligned: crossing 9.0 m before rear-lock[0m
[1;32mLOCK_NEGATIVE performed: object now behind[0m
[1;32mLOCK_NEGATIVE performed: object now behind[0m
[1;32mDROP in nest & curved escape[0m
[1;32mDROP in nest & random-turn away[0m
[1;32mEARLY-STOP → could not nest: drop & resume wander[0m
[1;32mFOOD aligned: crossing 9.0 m before rear-lock[0m
[1;32mDROP in nest & curved escape[0m
[1;32mLOCK_NEGATIVE performed: object now behind[0m
[1;32mFOOD aligned: crossing 9.0 m before rear-lock[0m
[1;32mLOCK_NEGATIVE performed: object now behind[0m
[1;32mFOOD aligned: crossing 9.0 m before rear-lock[0m
[1;32mLOCK_NEGATIVE performed: object now behind[0m
[1;32mFOOD aligned: crossing 9.0 m before rear-lock[0m
[1;32mLOCK_NEGATIVE performed: object now behind[0m
[1;32mEARLY-STOP → could not nest: drop & resume wander[0m
[1;32mEARLY-STOP → could not nest: drop & resume wander[0m
[1;32mFOOD aligned: crossing 9.0 m before rear-lock[0m
[1;32mLOCK_NEGATIVE performed: object now behind[0m
[1;32mFOOD aligned: crossing 9.0 m before rear-lock[0m
[1;32mDROP in nest & random-turn away[0m
[1;32mLOCK_NEGATIVE performed: object now behind[0m
[1;32mEARLY-STOP → could not nest: drop & resume wander[0m
[1;32mNEST candidate → floor ref = 0.51[0m
[1;32mNEST candidate → floor ref = 0.35[0m
[1;32mEARLY-STOP → could not nest: drop & resume wander[0m
[1;32mFOOD aligned: crossing 9.0 m before rear-lock[0m
[1;32mLOCK_NEGATIVE performed: object now behind[0m
[1;32mNEST candidate → floor ref = 0.51[0m
[1;32mNEST candidate → floor ref = 0.35[0m
[1;32mI SEE FOOD! angle=0.35[0m
[1;32mI SEE FOOD! angle=-0.62[0m
[1;32mAPPROACHING food: angle=0.31[0m
[1;32mAPPROACHING food: angle=-0.53[0m
[1;32mFOOD aligned: crossing 9.0 m before rear-lock[0m
[1;32mEARLY-STOP → could not nest: drop & resume wander[0m
[1;32mLOCK_NEGATIVE performed: object now behind[0m
[1;32mI SEE FOOD! angle=-1.10[0m
[1;32mAPPROACHING food: angle=-0.94[0m
[1;32mNEST candidate → floor ref = 0.35[0m
[1;32mFOOD aligned: crossing 9.0 m before rear-lock[0m
[1;32mLOCK_NEGATIVE performed: object now behind[0m
[1;32mNEST candidate → floor ref = 0.88[0m
[1;32mNEST candidate → floor ref = 0.76[0m
[1;32mDROP in nest & random-turn away[0m
[1;32mNEST candidate → floor ref = 0.64[0m
[1;32mFOOD aligned: crossing 9.0 m before rear-lock[0m
[1;32mNEST candidate → floor ref = 0.52[0m
[1;32mLOCK_NEGATIVE performed: object now behind[0m
[1;32mEARLY-STOP → could not nest: drop & resume wander[0m
[1;32mNEST candidate → floor ref = 0.52[0m
[1;32mFOOD aligned: crossing 9.0 m before rear-lock[0m
[1;32mLOCK_NEGATIVE performed: object now behind[0m
[1;32mEARLY-STOP → could not nest: drop & resume wander[0m
[1;32mI SEE FOOD! angle=-0.54[0m
[1;32mFOOD aligned: crossing 9.0 m before rear-lock[0m
[1;32mAPPROACHING food: angle=-0.49[0m
[1;32mFOOD aligned: crossing 9.0 m before rear-lock[0m
[1;32mLOCK_NEGATIVE performed: object now behind[0m
[1;32mLOCK_NEGATIVE performed: object now behind[0m
[1;32mEARLY-STOP → could not nest: drop & resume wander[0m
[1;32mFOOD aligned: crossing 9.0 m before rear-lock[0m
[1;32mFOOD aligned: crossing 9.0 m before rear-lock[0m
[1;32mLOCK_NEGATIVE performed: object now behind[0m
[1;32mLOCK_NEGATIVE performed: object now behind[0m
[1;32mFOOD aligned: crossing 9.0 m before rear-lock[0m
[1;32mLOCK_NEGATIVE performed: object now behind[0m
[1;32mDROP in nest & random-turn away[0m
[1;32mEARLY-STOP → could not nest: drop & resume wander[0m
[1;32mNEST candidate → floor ref = 0.51[0m
[1;32mNEST candidate → floor ref = 0.35[0m
[1;32mDROP in nest & random-turn away[0m
[1;32mEARLY-STOP → could not nest: drop & resume wander[0m
[1;32mFOOD aligned: crossing 9.0 m before rear-lock[0m
[1;32mLOCK_NEGATIVE performed: object now behind[0m
[1;32mFOOD aligned: crossing 9.0 m before rear-lock[0m
[1;32mFOOD aligned: crossing 9.0 m before rear-lock[0m
[1;32mLOCK_NEGATIVE performed: object now behind[0m
[1;32mLOCK_NEGATIVE performed: object now behind[0m
[1;32mFOOD aligned: crossing 9.0 m before rear-lock[0m
[1;32mLOCK_NEGATIVE performed: object now behind[0m
[1;32mDROP in nest & random-turn away[0m
[1;32mNEST candidate → floor ref = 0.51[0m
[1;32mNEST candidate → floor ref = 0.35[0m
[1;32mEARLY-STOP → could not nest: drop & resume wander[0m
[1;32mFOOD aligned: crossing 9.0 m before rear-lock[0m
[1;32mDROP in nest & random-turn away[0m
[1;32mNEST candidate → floor ref = 0.51[0m
[1;32mNEST candidate → floor ref = 0.35[0m
[1;32mDROP in nest & random-turn away[0m
[1;32mLOCK_NEGATIVE performed: object now behind[0m
[1;32mBUMPED ROBOT → bouncing[0m
[1;32mBUMPED ROBOT → bouncing[0m
[1;32mBUMPED ROBOT → bouncing[0m
[1;32mBUMPED ROBOT → bouncing[0m
[1;32mBUMPED ROBOT → bouncing[0m
[1;32mBUMPED ROBOT → bouncing[0m
[1;32mBUMPED ROBOT → bouncing[0m
[1;32mEARLY-STOP → could not nest: drop & resume wander[0m
[1;32mBUMPED ROBOT → bouncing[0m
[1;32mBUMPED ROBOT → bouncing[0m
[1;32mBUMPED ROBOT → bouncing[0m
[1;32mBUMPED ROBOT → bouncing[0m
[1;32mBUMPED ROBOT → bouncing[0m
[1;32mFOOD aligned: crossing 9.0 m before rear-lock[0m
[1;32mBUMPED ROBOT → bouncing[0m
[1;32mBUMPED ROBOT → bouncing[0m
[1;32mBUMPED ROBOT → bouncing[0m
[1;32mBUMPED ROBOT → bouncing[0m
[1;32mLOCK_NEGATIVE performed: object now behind[0m
[1;32mDROP in nest & curved escape[0m
[1;32mBUMPED ROBOT → bouncing[0m
[1;32mNEST candidate → floor ref = 0.51[0m
[1;32mNEST candidate → floor ref = 0.35[0m
[1;32mFOOD aligned: crossing 9.0 m before rear-lock[0m
[1;32mEARLY-STOP → could not nest: drop & resume wander[0m
[1;32mLOCK_NEGATIVE performed: object now behind[0m
[1;32mDROP in nest & curved escape[0m
[1;32mFOOD aligned: crossing 9.0 m before rear-lock[0m
[1;32mFOOD aligned: crossing 9.0 m before rear-lock[0m
[1;32mLOCK_NEGATIVE performed: object now behind[0m
[1;32mLOCK_NEGATIVE performed: object now behind[0m
[1;32mFOOD aligned: crossing 9.0 m before rear-lock[0m
[1;32mDROP in nest & curved escape[0m
[1;32mLOCK_NEGATIVE performed: object now behind[0m
[1;32mEARLY-STOP → could not nest: drop & resume wander[0m
[1;32mDROP in nest & random-turn away[0m
[1;32mFOOD aligned: crossing 9.0 m before rear-lock[0m
[1;32mDROP in nest & random-turn away[0m
[1;32mLOCK_NEGATIVE performed: object now behind[0m
[1;32mFOOD aligned: crossing 9.0 m before rear-lock[0m
[1;32mDROP in nest & random-turn away[0m
[1;32mLOCK_NEGATIVE performed: object now behind[0m
[1;32mFOOD aligned: crossing 9.0 m before rear-lock[0m
[1;32mLOCK_NEGATIVE performed: object now behind[0m
[1;32mFOOD aligned: crossing 9.0 m before rear-lock[0m
[1;32mFOOD aligned: crossing 9.0 m before rear-lock[0m
[1;32mLOCK_NEGATIVE performed: object now behind[0m
[1;32mLOCK_NEGATIVE performed: object now behind[0m
[1;32mFOOD aligned: crossing 9.0 m before rear-lock[0m
[1;32mEARLY-STOP → could not nest: drop & resume wander[0m
[1;32mLOCK_NEGATIVE performed: object now behind[0m
[1;32mFOOD aligned: crossing 9.0 m before rear-lock[0m
[1;32mLOCK_NEGATIVE performed: object now behind[0m
[1;32mFOOD aligned: crossing 9.0 m before rear-lock[0m
[1;32mEARLY-STOP → could not nest: drop & resume wander[0m
[1;32mLOCK_NEGATIVE performed: object now behind[0m
[1;32mFOOD aligned: crossing 9.0 m before rear-lock[0m
[1;32mFOOD aligned: crossing 9.0 m before rear-lock[0m
[1;32mLOCK_NEGATIVE performed: object now behind[0m
[1;32mLOCK_NEGATIVE performed: object now behind[0m
[1;32mFOOD aligned: crossing 9.0 m before rear-lock[0m
[1;32mLOCK_NEGATIVE performed: object now behind[0m
[1;32mFOOD aligned: crossing 9.0 m before rear-lock[0m
[1;32mLOCK_NEGATIVE performed: object now behind[0m
[1;32mFOOD aligned: crossing 9.0 m before rear-lock[0m
[1;32mEARLY-STOP → could not nest: drop & resume wander[0m
[1;32mLOCK_NEGATIVE performed: object now behind[0m
[1;32mLOST food → back to WANDER[0m
[1;32mDROP in nest & random-turn away[0m
[1;32mDROP in nest & random-turn away[0m
[1;32mEARLY-STOP → could not nest: drop & resume wander[0m
[1;32mDROP in nest & random-turn away[0m
[1;32mEARLY-STOP → could not nest: drop & resume wander[0m
[1;32mDROP in nest & random-turn away[0m
[1;32mEARLY-STOP → could not nest: drop & resume wander[0m
[1;32mFOOD aligned: crossing 9.0 m before rear-lock[0m
[1;32mLOCK_NEGATIVE performed: object now behind[0m
[1;32mFOOD aligned: crossing 9.0 m before rear-lock[0m
[1;32mLOCK_NEGATIVE performed: object now behind[0m
[1;32mannealed alpha = 0.878[0m
[1;32mannealed alpha = 0.878[0m
[1;32mannealed alpha = 0.878[0m
[1;32mEARLY-STOP → could not nest: drop & resume wander[0m
[1;32mEARLY-STOP → could not nest: drop & resume wander[0m
[1;32mannealed alpha = 0.878[0m
[1;32mannealed alpha = 0.878[0m
[1;32mannealed alpha = 0.878[0m
[1;32mannealed alpha = 0.878[0m
[1;32mannealed alpha = 0.878[0m
[1;32mannealed alpha = 0.878[0m
[1;32mannealed alpha = 0.878[0m
[1;32mannealed alpha = 0.878[0m
[1;32mannealed alpha = 0.878[0m
[1;32mannealed alpha = 0.878[0m
[1;32mannealed alpha = 0.878[0m
[1;32mannealed alpha = 0.878[0m
[1;32mannealed alpha = 0.878[0m
[1;32mFOOD aligned: crossing 9.0 m before rear-lock[0m
[1;32mLOCK_NEGATIVE performed: object now behind[0m
[1;32mDROP in nest & random-turn away[0m
[1;32mFOOD aligned: crossing 9.0 m before rear-lock[0m
[1;32mFOOD aligned: crossing 9.0 m before rear-lock[0m
[1;32mDROP in nest & random-turn away[0m
[1;32mLOCK_NEGATIVE performed: object now behind[0m
[1;32mLOCK_NEGATIVE performed: object now behind[0m
[1;32mBUMPED ROBOT → bouncing[0m
[1;32mBUMPED ROBOT → bouncing[0m
[1;32mBUMPED ROBOT → bouncing[0m
[1;32mBUMPED ROBOT → bouncing[0m
[1;32mBUMPED ROBOT → bouncing[0m
[1;32mBUMPED ROBOT → bouncing[0m
[1;32mBUMPED ROBOT → bouncing[0m
[1;32mBUMPED ROBOT → bouncing[0m
[1;32mBUMPED ROBOT → bouncing[0m
[1;32mFOOD aligned: crossing 9.0 m before rear-lock[0m
[1;32mFOOD aligned: crossing 9.0 m before rear-lock[0m
[1;32mLOCK_NEGATIVE performed: object now behind[0m
[1;32mFOOD aligned: crossing 9.0 m before rear-lock[0m
[1;32mLOCK_NEGATIVE performed: object now behind[0m
[1;32mEARLY-STOP → could not nest: drop & resume wander[0m
[1;32mLOCK_NEGATIVE performed: object now behind[0m
[1;32mEARLY-STOP → could not nest: drop & resume wander[0m
[1;32mFOOD aligned: crossing 9.0 m before rear-lock[0m
[1;32mLOCK_NEGATIVE performed: object now behind[0m
[1;32mDROP in nest & curved escape[0m
[1;32mEARLY-STOP → could not nest: drop & resume wander[0m
[1;32mBUMPED ROBOT → bouncing[0m
[1;32mDROP in nest & random-turn away[0m
[1;32mBUMPED ROBOT → bouncing[0m
[1;32mFOOD aligned: crossing 9.0 m before rear-lock[0m
[1;32mBUMPED ROBOT → bouncing[0m
[1;32mDROP in nest & random-turn away[0m
[1;32mBUMPED ROBOT → bouncing[0m
[1;32mBUMPED ROBOT → bouncing[0m
[1;32mLOCK_NEGATIVE performed: object now behind[0m
[1;32mFOOD aligned: crossing 9.0 m before rear-lock[0m
[1;32mLOCK_NEGATIVE performed: object now behind[0m
[1;32mFOOD aligned: crossing 9.0 m before rear-lock[0m
[1;32mBUMPED ROBOT → bouncing[0m
[1;32mBUMPED ROBOT → bouncing[0m
[1;32mBUMPED ROBOT → bouncing[0m
[1;32mLOCK_NEGATIVE performed: object now behind[0m
[1;32mBUMPED ROBOT → bouncing[0m
[1;32mBUMPED ROBOT → bouncing[0m
[1;32mBUMPED ROBOT → bouncing[0m
[1;32mBUMPED ROBOT → bouncing[0m
[1;32mBUMPED ROBOT → bouncing[0m
[1;32mFOOD aligned: crossing 9.0 m before rear-lock[0m
[1;32mBUMPED ROBOT → bouncing[0m
[1;32mBUMPED ROBOT → bouncing[0m
[1;32mBUMPED ROBOT → bouncing[0m
[1;32mBUMPED ROBOT → bouncing[0m
[1;32mLOCK_NEGATIVE performed: object now behind[0m
[1;32mBUMPED ROBOT → bouncing[0m
[1;32mBUMPED ROBOT → bouncing[0m
[1;32mBUMPED ROBOT → bouncing[0m
[1;32mBUMPED ROBOT → bouncing[0m
[1;32mBUMPED ROBOT → bouncing[0m
[1;32mBUMPED ROBOT → bouncing[0m
[1;32mBUMPED ROBOT → bouncing[0m
[1;32mBUMPED ROBOT → bouncing[0m
[1;32mBUMPED ROBOT → bouncing[0m
[1;32mFOOD aligned: crossing 9.0 m before rear-lock[0m
[1;32mFOOD aligned: crossing 9.0 m before rear-lock[0m
[1;32mLOCK_NEGATIVE performed: object now behind[0m
[1;32mLOCK_NEGATIVE performed: object now behind[0m
[1;32mEARLY-STOP → could not nest: drop & resume wander[0m
[1;32mLOST food → back to WANDER[0m
[1;32mBUMPED ROBOT → bouncing[0m
[1;32mBUMPED ROBOT → bouncing[0m
[1;32mEARLY-STOP → could not nest: drop & resume wander[0m
[1;32mDROP in nest & random-turn away[0m
[1;32mFOOD aligned: crossing 9.0 m before rear-lock[0m
[1;32mDROP in nest & random-turn away[0m
[1;32mLOCK_NEGATIVE performed: object now behind[0m
[1;32mDROP in nest & random-turn away[0m
[1;32mFOOD aligned: crossing 9.0 m before rear-lock[0m
[1;32mEARLY-STOP → could not nest: drop & resume wander[0m
[1;32mLOCK_NEGATIVE performed: object now behind[0m
[1;32mDROP in nest & random-turn away[0m
[1;32mFOOD aligned: crossing 9.0 m before rear-lock[0m
[1;32mLOCK_NEGATIVE performed: object now behind[0m
[1;32mEARLY-STOP → could not nest: drop & resume wander[0m
[1;32mFOOD aligned: crossing 9.0 m before rear-lock[0m
[1;32mLOCK_NEGATIVE performed: object now behind[0m
[1;32mFOOD aligned: crossing 9.0 m before rear-lock[0m
[1;32mLOCK_NEGATIVE performed: object now behind[0m
[1;32mEARLY-STOP → could not nest: drop & resume wander[0m
[1;32mFOOD aligned: crossing 9.0 m before rear-lock[0m
[1;32mFOOD aligned: crossing 9.0 m before rear-lock[0m
[1;32mLOCK_NEGATIVE performed: object now behind[0m
[1;32mLOCK_NEGATIVE performed: object now behind[0m
[1;32mFOOD aligned: crossing 9.0 m before rear-lock[0m
[1;32mLOCK_NEGATIVE performed: object now behind[0m
[1;32mFOOD aligned: crossing 9.0 m before rear-lock[0m
[1;32mLOCK_NEGATIVE performed: object now behind[0m
[1;32mEARLY-STOP → could not nest: drop & resume wander[0m
[1;32mDROP in nest & random-turn away[0m
[1;32mFOOD aligned: crossing 9.0 m before rear-lock[0m
[1;32mLOCK_NEGATIVE performed: object now behind[0m
[1;32mDROP in nest & random-turn away[0m
[1;32mFOOD aligned: crossing 9.0 m before rear-lock[0m
[1;32mFOOD aligned: crossing 9.0 m before rear-lock[0m
[1;32mLOCK_NEGATIVE performed: object now behind[0m
[1;32mLOCK_NEGATIVE performed: object now behind[0m
[1;32mFOOD aligned: crossing 9.0 m before rear-lock[0m
[1;32mLOCK_NEGATIVE performed: object now behind[0m
[1;32mEARLY-STOP → could not nest: drop & resume wander[0m
[1;32mFOOD aligned: crossing 9.0 m before rear-lock[0m
[1;32mLOCK_NEGATIVE performed: object now behind[0m
[1;32mDROP in nest & random-turn away[0m
[1;32mEARLY-STOP → could not nest: drop & resume wander[0m
[1;32mBUMPED ROBOT → bouncing[0m
[1;32mBUMPED ROBOT → bouncing[0m
[1;32mBUMPED ROBOT → bouncing[0m
[1;32mBUMPED ROBOT → bouncing[0m
[1;32mBUMPED ROBOT → bouncing[0m
[1;32mDROP in nest & random-turn away[0m
[1;32mFOOD aligned: crossing 9.0 m before rear-lock[0m
[1;32mBUMPED ROBOT → bouncing[0m
[1;32mLOCK_NEGATIVE performed: object now behind[0m
[1;32mBUMPED ROBOT → bouncing[0m
[1;32mBUMPED ROBOT → bouncing[0m
[1;32mBUMPED ROBOT → bouncing[0m
[1;32mBUMPED ROBOT → bouncing[0m
[1;32mBUMPED ROBOT → bouncing[0m
[1;32mBUMPED ROBOT → bouncing[0m
[1;32mBUMPED ROBOT → bouncing[0m
[1;32mDROP in nest & random-turn away[0m
[1;32mBUMPED ROBOT → bouncing[0m
[1;32mBUMPED ROBOT → bouncing[0m
[1;32mBUMPED ROBOT → bouncing[0m
[1;32mBUMPED ROBOT → bouncing[0m
[1;32mBUMPED ROBOT → bouncing[0m
[1;32mBUMPED ROBOT → bouncing[0m
[1;32mBUMPED ROBOT → bouncing[0m
[1;32mBUMPED ROBOT → bouncing[0m
[1;32mBUMPED ROBOT → bouncing[0m
[1;32mBUMPED ROBOT → bouncing[0m
[1;32mBUMPED ROBOT → bouncing[0m
[1;32mBUMPED ROBOT → bouncing[0m
[1;32mFOOD aligned: crossing 9.0 m before rear-lock[0m
[1;32mBUMPED ROBOT → bouncing[0m
[1;32mBUMPED ROBOT → bouncing[0m
[1;32mBUMPED ROBOT → bouncing[0m
[1;32mBUMPED ROBOT → bouncing[0m
[1;32mLOCK_NEGATIVE performed: object now behind[0m
[1;32mBUMPED ROBOT → bouncing[0m
[1;32mEARLY-STOP → could not nest: drop & resume wander[0m
[1;32mFOOD aligned: crossing 9.0 m before rear-lock[0m
[1;32mEARLY-STOP → could not nest: drop & resume wander[0m
[1;32mFOOD aligned: crossing 9.0 m before rear-lock[0m
[1;32mLOCK_NEGATIVE performed: object now behind[0m
[1;32mLOCK_NEGATIVE performed: object now behind[0m
[1;32mEARLY-STOP → could not nest: drop & resume wander[0m
[1;32mFOOD aligned: crossing 9.0 m before rear-lock[0m
[1;32mFOOD aligned: crossing 9.0 m before rear-lock[0m
[1;32mDROP in nest & random-turn away[0m
[1;32mLOCK_NEGATIVE performed: object now behind[0m
[1;32mLOCK_NEGATIVE performed: object now behind[0m
[1;32mDROP in nest & random-turn away[0m
[1;32mEARLY-STOP → could not nest: drop & resume wander[0m
[1;32mEARLY-STOP → could not nest: drop & resume wander[0m
[1;32mDROP in nest & random-turn away[0m
[1;32mFOOD aligned: crossing 9.0 m before rear-lock[0m
[1;32mLOCK_NEGATIVE performed: object now behind[0m
[1;32mEARLY-STOP → could not nest: drop & resume wander[0m
[1;32mFOOD aligned: crossing 9.0 m before rear-lock[0m
[1;32mLOCK_NEGATIVE performed: object now behind[0m
[1;32mFOOD aligned: crossing 9.0 m before rear-lock[0m
[1;32mLOCK_NEGATIVE performed: object now behind[0m
[1;32mFOOD aligned: crossing 9.0 m before rear-lock[0m
[1;32mLOCK_NEGATIVE performed: object now behind[0m
[1;32mEARLY-STOP → could not nest: drop & resume wander[0m
[1;32mFOOD aligned: crossing 9.0 m before rear-lock[0m
[1;32mLOCK_NEGATIVE performed: object now behind[0m
[1;32mFOOD aligned: crossing 9.0 m before rear-lock[0m
[1;32mFOOD aligned: crossing 9.0 m before rear-lock[0m
[1;32mLOCK_NEGATIVE performed: object now behind[0m
[1;32mLOCK_NEGATIVE performed: object now behind[0m
[1;32mEARLY-STOP → could not nest: drop & resume wander[0m
[1;32mEARLY-STOP → could not nest: drop & resume wander[0m
[1;32mBUMPED ROBOT → bouncing[0m
[1;32mFOOD aligned: crossing 9.0 m before rear-lock[0m
[1;32mBUMPED ROBOT → bouncing[0m
[1;32mBUMPED ROBOT → bouncing[0m
[1;32mBUMPED ROBOT → bouncing[0m
[1;32mBUMPED ROBOT → bouncing[0m
[1;32mLOCK_NEGATIVE performed: object now behind[0m
[1;32mFOOD aligned: crossing 9.0 m before rear-lock[0m
[1;32mFOOD aligned: crossing 9.0 m before rear-lock[0m
[1;32mEARLY-STOP → could not nest: drop & resume wander[0m
[1;32mLOCK_NEGATIVE performed: object now behind[0m
[1;32mLOCK_NEGATIVE performed: object now behind[0m
[1;32mFOOD aligned: crossing 9.0 m before rear-lock[0m
[1;32mLOCK_NEGATIVE performed: object now behind[0m
[1;32mDROP in nest & random-turn away[0m
[1;32mFOOD aligned: crossing 9.0 m before rear-lock[0m
[1;32mFOOD aligned: crossing 9.0 m before rear-lock[0m
[1;32mLOCK_NEGATIVE performed: object now behind[0m
[1;32mLOCK_NEGATIVE performed: object now behind[0m
[1;32mEARLY-STOP → could not nest: drop & resume wander[0m
[1;32mEARLY-STOP → could not nest: drop & resume wander[0m
[1;32mEARLY-STOP → could not nest: drop & resume wander[0m
[1;32mBUMPED ROBOT → bouncing[0m
[1;32mBUMPED ROBOT → bouncing[0m
[1;32mDROP in nest & random-turn away[0m
[1;32mEARLY-STOP → could not nest: drop & resume wander[0m
[1;32mFOOD aligned: crossing 9.0 m before rear-lock[0m
[1;32mBUMPED ROBOT → bouncing[0m
[1;32mBUMPED ROBOT → bouncing[0m
[1;32mBUMPED ROBOT → bouncing[0m
[1;32mLOCK_NEGATIVE performed: object now behind[0m
[1;32mBUMPED ROBOT → bouncing[0m
[1;32mBUMPED ROBOT → bouncing[0m
[1;32mFOOD aligned: crossing 9.0 m before rear-lock[0m
[1;32mBUMPED ROBOT → bouncing[0m
[1;32mDROP in nest & random-turn away[0m
[1;32mBUMPED ROBOT → bouncing[0m
[1;32mBUMPED ROBOT → bouncing[0m
[1;32mDROP in nest & random-turn away[0m
[1;32mLOCK_NEGATIVE performed: object now behind[0m
[1;32mEARLY-STOP → could not nest: drop & resume wander[0m
[1;32mFOOD aligned: crossing 9.0 m before rear-lock[0m
[1;32mLOCK_NEGATIVE performed: object now behind[0m
[1;32mFOOD aligned: crossing 9.0 m before rear-lock[0m
[1;32mLOCK_NEGATIVE performed: object now behind[0m
[1;32mFOOD aligned: crossing 9.0 m before rear-lock[0m
[1;32mLOCK_NEGATIVE performed: object now behind[0m
[1;32mEARLY-STOP → could not nest: drop & resume wander[0m
[1;32mFOOD aligned: crossing 9.0 m before rear-lock[0m
[1;32mEARLY-STOP → could not nest: drop & resume wander[0m
[1;32mEARLY-STOP → could not nest: drop & resume wander[0m
[1;32mLOCK_NEGATIVE performed: object now behind[0m
[1;32mFOOD aligned: crossing 9.0 m before rear-lock[0m
[1;32mLOCK_NEGATIVE performed: object now behind[0m
[1;32mDROP in nest & curved escape[0m
[1;32mEARLY-STOP → could not nest: drop & resume wander[0m
[1;32mBUMPED ROBOT → bouncing[0m
[1;32mBUMPED ROBOT → bouncing[0m
[1;32mDROP in nest & random-turn away[0m
[1;32mBUMPED ROBOT → bouncing[0m
[1;32mFOOD aligned: crossing 9.0 m before rear-lock[0m
[1;32mLOCK_NEGATIVE performed: object now behind[0m
[1;32mBUMPED ROBOT → bouncing[0m
[1;32mFOOD aligned: crossing 9.0 m before rear-lock[0m
[1;32mEARLY-STOP → could not nest: drop & resume wander[0m
[1;32mBUMPED ROBOT → bouncing[0m
[1;32mBUMPED ROBOT → bouncing[0m
[1;32mBUMPED ROBOT → bouncing[0m
[1;32mBUMPED ROBOT → bouncing[0m
[1;32mLOCK_NEGATIVE performed: object now behind[0m
[1;32mBUMPED ROBOT → bouncing[0m
[1;32mLOST food → back to WANDER[0m
[1;32mFOOD aligned: crossing 9.0 m before rear-lock[0m
[1;32mBUMPED ROBOT → bouncing[0m
[1;32mBUMPED ROBOT → bouncing[0m
[1;32mLOCK_NEGATIVE performed: object now behind[0m
[1;32mBUMPED ROBOT → bouncing[0m
[1;32mBUMPED ROBOT → bouncing[0m
[1;32mBUMPED ROBOT → bouncing[0m
[1;32mFOOD aligned: crossing 9.0 m before rear-lock[0m
[1;32mLOCK_NEGATIVE performed: object now behind[0m
[1;32mEARLY-STOP → could not nest: drop & resume wander[0m
[1;32mDROP in nest & random-turn away[0m
[1;32mFOOD aligned: crossing 9.0 m before rear-lock[0m
[1;32mLOCK_NEGATIVE performed: object now behind[0m
[1;32mFOOD aligned: crossing 9.0 m before rear-lock[0m
[1;32mLOCK_NEGATIVE performed: object now behind[0m
[1;32mFOOD aligned: crossing 9.0 m before rear-lock[0m
[1;32mLOCK_NEGATIVE performed: object now behind[0m
[1;32mLOST food → back to WANDER[0m
[1;32mEARLY-STOP → could not nest: drop & resume wander[0m
[1;32mFOOD aligned: crossing 9.0 m before rear-lock[0m
[1;32mLOCK_NEGATIVE performed: object now behind[0m
[1;32mEARLY-STOP → could not nest: drop & resume wander[0m
[1;32mFOOD aligned: crossing 9.0 m before rear-lock[0m
[1;32mEARLY-STOP → could not nest: drop & resume wander[0m
[1;32mLOCK_NEGATIVE performed: object now behind[0m
[1;32mDROP in nest & random-turn away[0m
[1;32mFOOD aligned: crossing 9.0 m before rear-lock[0m
[1;32mFOOD aligned: crossing 9.0 m before rear-lock[0m
[1;32mLOCK_NEGATIVE performed: object now behind[0m
[1;32mEARLY-STOP → could not nest: drop & resume wander[0m
[1;32mBUMPED ROBOT → bouncing[0m
[1;32mLOCK_NEGATIVE performed: object now behind[0m
[1;32mBUMPED ROBOT → bouncing[0m
[1;32mBUMPED ROBOT → bouncing[0m
[1;32mBUMPED ROBOT → bouncing[0m
[1;32mBUMPED ROBOT → bouncing[0m
[1;32mFOOD aligned: crossing 9.0 m before rear-lock[0m
[1;32mLOCK_NEGATIVE performed: object now behind[0m
[1;32mDROP in nest & random-turn away[0m
[1;32mFOOD aligned: crossing 9.0 m before rear-lock[0m
[1;32mLOCK_NEGATIVE performed: object now behind[0m
[1;32mEARLY-STOP → could not nest: drop & resume wander[0m
[1;32mFOOD aligned: crossing 9.0 m before rear-lock[0m
[1;32mLOCK_NEGATIVE performed: object now behind[0m
[1;32mFOOD aligned: crossing 9.0 m before rear-lock[0m
[1;32mLOCK_NEGATIVE performed: object now behind[0m
[1;32mDROP in nest & random-turn away[0m
[1;32mEARLY-STOP → could not nest: drop & resume wander[0m
[1;32mannealed alpha = 0.984[0m
[1;32mannealed alpha = 0.984[0m
[1;32mannealed alpha = 0.984[0m
[1;32mannealed alpha = 0.984[0m
[1;32mannealed alpha = 0.984[0m
[1;32mannealed alpha = 0.984[0m
[1;32mannealed alpha = 0.984[0m
[1;32mannealed alpha = 0.984[0m
[1;32mannealed alpha = 0.984[0m
[1;32mannealed alpha = 0.984[0m
[1;32mannealed alpha = 0.984[0m
[1;32mannealed alpha = 0.984[0m
[1;32mEARLY-STOP → could not nest: drop & resume wander[0m
[1;32mBUMPED ROBOT → bouncing[0m
[1;32mBUMPED ROBOT → bouncing[0m
[1;32mannealed alpha = 0.984[0m
[1;32mBUMPED ROBOT → bouncing[0m
[1;32mannealed alpha = 0.984[0m
[1;32mannealed alpha = 0.984[0m
[1;32mBUMPED ROBOT → bouncing[0m
[1;32mBUMPED ROBOT → bouncing[0m
[1;32mannealed alpha = 0.984[0m
[1;32mFOOD aligned: crossing 9.0 m before rear-lock[0m
[1;32mEARLY-STOP → could not nest: drop & resume wander[0m
[1;32mLOCK_NEGATIVE performed: object now behind[0m
[1;32mFOOD aligned: crossing 9.0 m before rear-lock[0m
[1;32mLOCK_NEGATIVE performed: object now behind[0m
[1;32mFOOD aligned: crossing 9.0 m before rear-lock[0m
[1;32mFOOD aligned: crossing 9.0 m before rear-lock[0m
[1;32mFOOD aligned: crossing 9.0 m before rear-lock[0m
[1;32mLOCK_NEGATIVE performed: object now behind[0m
[1;32mLOCK_NEGATIVE performed: object now behind[0m
[1;32mLOCK_NEGATIVE performed: object now behind[0m
[1;32mDROP in nest & random-turn away[0m
[1;32mEARLY-STOP → could not nest: drop & resume wander[0m
[1;32mLOST food → back to WANDER[0m
[1;32mDROP in nest & random-turn away[0m
[1;32mDROP in nest & random-turn away[0m
[1;32mEARLY-STOP → could not nest: drop & resume wander[0m
[1;32mFOOD aligned: crossing 9.0 m before rear-lock[0m
[1;32mEARLY-STOP → could not nest: drop & resume wander[0m
[1;32mLOCK_NEGATIVE performed: object now behind[0m
[1;32mFOOD aligned: crossing 9.0 m before rear-lock[0m
[1;32mDROP in nest & random-turn away[0m
[1;32mLOCK_NEGATIVE performed: object now behind[0m
[1;32mFOOD aligned: crossing 9.0 m before rear-lock[0m
[1;32mLOCK_NEGATIVE performed: object now behind[0m
[1;32mDROP in nest & random-turn away[0m
[1;32mFOOD aligned: crossing 9.0 m before rear-lock[0m
[1;32mLOCK_NEGATIVE performed: object now behind[0m
[1;32mEARLY-STOP → could not nest: drop & resume wander[0m
[1;32mEARLY-STOP → could not nest: drop & resume wander[0m
[1;32mFOOD aligned: crossing 9.0 m before rear-lock[0m
[1;32mLOCK_NEGATIVE performed: object now behind[0m
[1;32mFOOD aligned: crossing 9.0 m before rear-lock[0m
[1;32mLOCK_NEGATIVE performed: object now behind[0m
[1;32mEARLY-STOP → could not nest: drop & resume wander[0m
[1;32mFOOD aligned: crossing 9.0 m before rear-lock[0m
[1;32mLOCK_NEGATIVE performed: object now behind[0m
[1;32mDROP in nest & random-turn away[0m
[1;32mBUMPED ROBOT → bouncing[0m
[1;32mBUMPED ROBOT → bouncing[0m
[1;32mBUMPED ROBOT → bouncing[0m
[1;32mBUMPED ROBOT → bouncing[0m
[1;32mBUMPED ROBOT → bouncing[0m
[1;32mBUMPED ROBOT → bouncing[0m
[1;32mBUMPED ROBOT → bouncing[0m
[1;32mBUMPED ROBOT → bouncing[0m
[1;32mFOOD aligned: crossing 9.0 m before rear-lock[0m
[1;32mFOOD aligned: crossing 9.0 m before rear-lock[0m
[1;32mLOCK_NEGATIVE performed: object now behind[0m
[1;32mDROP in nest & random-turn away[0m
[1;32mDROP in nest & random-turn away[0m
[1;32mLOCK_NEGATIVE performed: object now behind[0m
[1;32mFOOD aligned: crossing 9.0 m before rear-lock[0m
[1;32mLOCK_NEGATIVE performed: object now behind[0m
[1;32mDROP in nest & random-turn away[0m
[1;32mFOOD aligned: crossing 9.0 m before rear-lock[0m
[1;32mLOCK_NEGATIVE performed: object now behind[0m
[1;32mEARLY-STOP → could not nest: drop & resume wander[0m
[1;32mDROP in nest & random-turn away[0m
[1;32mEARLY-STOP → could not nest: drop & resume wander[0m
[1;32mBUMPED ROBOT → bouncing[0m
[1;32mFOOD aligned: crossing 9.0 m before rear-lock[0m
[1;32mBUMPED ROBOT → bouncing[0m
[1;32mBUMPED ROBOT → bouncing[0m
[1;32mBUMPED ROBOT → bouncing[0m
[1;32mBUMPED ROBOT → bouncing[0m
[1;32mLOCK_NEGATIVE performed: object now behind[0m
[1;32mFOOD aligned: crossing 9.0 m before rear-lock[0m
[1;32mLOCK_NEGATIVE performed: object now behind[0m
[1;32mFOOD aligned: crossing 9.0 m before rear-lock[0m
[1;32mLOCK_NEGATIVE performed: object now behind[0m
[1;32mFOOD aligned: crossing 9.0 m before rear-lock[0m
[1;32mLOCK_NEGATIVE performed: object now behind[0m
[1;32mFOOD aligned: crossing 9.0 m before rear-lock[0m
[1;32mLOCK_NEGATIVE performed: object now behind[0m
[1;32mEARLY-STOP → could not nest: drop & resume wander[0m
[1;32mDROP in nest & random-turn away[0m
[1;32mEARLY-STOP → could not nest: drop & resume wander[0m
[1;32mFOOD aligned: crossing 9.0 m before rear-lock[0m
[1;32mDROP in nest & random-turn away[0m
[1;32mLOCK_NEGATIVE performed: object now behind[0m
[1;32mEARLY-STOP → could not nest: drop & resume wander[0m
[1;32mFOOD aligned: crossing 9.0 m before rear-lock[0m
[1;32mLOCK_NEGATIVE performed: object now behind[0m
[1;32mFOOD aligned: crossing 9.0 m before rear-lock[0m
[1;32mLOCK_NEGATIVE performed: object now behind[0m
[1;32mFOOD aligned: crossing 9.0 m before rear-lock[0m
[1;32mLOCK_NEGATIVE performed: object now behind[0m
[1;32mFOOD aligned: crossing 9.0 m before rear-lock[0m
[1;32mLOCK_NEGATIVE performed: object now behind[0m
[1;32mDROP in nest & random-turn away[0m
[1;32mEARLY-STOP → could not nest: drop & resume wander[0m
[1;32mFOOD aligned: crossing 9.0 m before rear-lock[0m
[1;32mDROP in nest & random-turn away[0m
[1;32mEARLY-STOP → could not nest: drop & resume wander[0m
[1;32mLOCK_NEGATIVE performed: object now behind[0m
[1;32mFOOD aligned: crossing 9.0 m before rear-lock[0m
[1;32mDROP in nest & random-turn away[0m
[1;32mDROP in nest & random-turn away[0m
[1;32mLOCK_NEGATIVE performed: object now behind[0m
[1;32mEARLY-STOP → could not nest: drop & resume wander[0m
[1;32mFOOD aligned: crossing 9.0 m before rear-lock[0m
[1;32mLOCK_NEGATIVE performed: object now behind[0m
[1;32mFOOD aligned: crossing 9.0 m before rear-lock[0m
[1;32mLOCK_NEGATIVE performed: object now behind[0m
[1;32mFOOD aligned: crossing 9.0 m before rear-lock[0m
[1;32mEARLY-STOP → could not nest: drop & resume wander[0m
[1;32mLOCK_NEGATIVE performed: object now behind[0m
[1;32mEARLY-STOP → could not nest: drop & resume wander[0m
[1;32mDROP in nest & random-turn away[0m
[1;32mFOOD aligned: crossing 9.0 m before rear-lock[0m
[1;32mLOCK_NEGATIVE performed: object now behind[0m
[1;32mFOOD aligned: crossing 9.0 m before rear-lock[0m
[1;32mFOOD aligned: crossing 9.0 m before rear-lock[0m
[1;32mLOCK_NEGATIVE performed: object now behind[0m
[1;32mLOCK_NEGATIVE performed: object now behind[0m
[1;32mDROP in nest & random-turn away[0m
[1;32mFOOD aligned: crossing 9.0 m before rear-lock[0m
[1;32mLOCK_NEGATIVE performed: object now behind[0m
[1;32mFOOD aligned: crossing 9.0 m before rear-lock[0m
[1;32mLOCK_NEGATIVE performed: object now behind[0m
[1;32mFOOD aligned: crossing 9.0 m before rear-lock[0m
[1;32mLOCK_NEGATIVE performed: object now behind[0m
[1;32mEARLY-STOP → could not nest: drop & resume wander[0m
[1;32mFOOD aligned: crossing 9.0 m before rear-lock[0m
[1;32mFOOD aligned: crossing 9.0 m before rear-lock[0m
[1;32mLOCK_NEGATIVE performed: object now behind[0m
[1;32mLOCK_NEGATIVE performed: object now behind[0m
[1;32mFOOD aligned: crossing 9.0 m before rear-lock[0m
[1;32mFOOD aligned: crossing 9.0 m before rear-lock[0m
[1;32mLOCK_NEGATIVE performed: object now behind[0m
[1;32mLOCK_NEGATIVE performed: object now behind[0m
[1;32mFOOD aligned: crossing 9.0 m before rear-lock[0m
[1;32mLOCK_NEGATIVE performed: object now behind[0m
[1;32mDROP in nest & random-turn away[0m
[1;32mEARLY-STOP → could not nest: drop & resume wander[0m
[1;32mDROP in nest & random-turn away[0m
[1;32mDROP in nest & random-turn away[0m
[1;32mDROP in nest & random-turn away[0m
[1;32mFOOD aligned: crossing 9.0 m before rear-lock[0m
[1;32mEARLY-STOP → could not nest: drop & resume wander[0m
[1;32mLOCK_NEGATIVE performed: object now behind[0m
[1;32mFOOD aligned: crossing 9.0 m before rear-lock[0m
[1;32mEARLY-STOP → could not nest: drop & resume wander[0m
[1;32mLOCK_NEGATIVE performed: object now behind[0m
[1;32mDROP in nest & random-turn away[0m
[1;32mEARLY-STOP → could not nest: drop & resume wander[0m
[1;32mFOOD aligned: crossing 9.0 m before rear-lock[0m
[1;32mLOCK_NEGATIVE performed: object now behind[0m
[1;32mFOOD aligned: crossing 9.0 m before rear-lock[0m
[1;32mLOCK_NEGATIVE performed: object now behind[0m
[1;32mEARLY-STOP → could not nest: drop & resume wander[0m
[1;32mBUMPED ROBOT → bouncing[0m
[1;32mBUMPED ROBOT → bouncing[0m
[1;32mFOOD aligned: crossing 9.0 m before rear-lock[0m
[1;32mBUMPED ROBOT → bouncing[0m
[1;32mDROP in nest & random-turn away[0m
[1;32mFOOD aligned: crossing 9.0 m before rear-lock[0m
[1;32mBUMPED ROBOT → bouncing[0m
[1;32mEARLY-STOP → could not nest: drop & resume wander[0m
[1;32mBUMPED ROBOT → bouncing[0m
[1;32mEARLY-STOP → could not nest: drop & resume wander[0m
[1;32mLOCK_NEGATIVE performed: object now behind[0m
[1;32mBUMPED ROBOT → bouncing[0m
[1;32mBUMPED ROBOT → bouncing[0m
[1;32mLOCK_NEGATIVE performed: object now behind[0m
[1;32mEARLY-STOP → could not nest: drop & resume wander[0m
[1;32mFOOD aligned: crossing 9.0 m before rear-lock[0m
[1;32mLOCK_NEGATIVE performed: object now behind[0m
[1;32mFOOD aligned: crossing 9.0 m before rear-lock[0m
[1;32mLOCK_NEGATIVE performed: object now behind[0m
[1;32mFOOD aligned: crossing 9.0 m before rear-lock[0m
[1;32mLOCK_NEGATIVE performed: object now behind[0m
[1;32mEARLY-STOP → could not nest: drop & resume wander[0m
[1;32mFOOD aligned: crossing 9.0 m before rear-lock[0m
[1;32mEARLY-STOP → could not nest: drop & resume wander[0m
[1;32mLOCK_NEGATIVE performed: object now behind[0m
[1;32mBUMPED ROBOT → bouncing[0m
[1;32mBUMPED ROBOT → bouncing[0m
[1;32mBUMPED ROBOT → bouncing[0m
[1;32mFOOD aligned: crossing 9.0 m before rear-lock[0m
[1;32mFOOD aligned: crossing 9.0 m before rear-lock[0m
[1;32mLOCK_NEGATIVE performed: object now behind[0m
[1;32mLOCK_NEGATIVE performed: object now behind[0m
[1;32mFOOD aligned: crossing 9.0 m before rear-lock[0m
[1;32mDROP in nest & random-turn away[0m
[1;32mLOCK_NEGATIVE performed: object now behind[0m
[1;32mFOOD aligned: crossing 9.0 m before rear-lock[0m
[1;32mFOOD aligned: crossing 9.0 m before rear-lock[0m
[1;32mLOCK_NEGATIVE performed: object now behind[0m
[1;32mEARLY-STOP → could not nest: drop & resume wander[0m
[1;32mFOOD aligned: crossing 9.0 m before rear-lock[0m
[1;32mLOCK_NEGATIVE performed: object now behind[0m
[1;32mDROP in nest & random-turn away[0m
[1;32mLOCK_NEGATIVE performed: object now behind[0m
[1;32mFOOD aligned: crossing 9.0 m before rear-lock[0m
[1;32mLOCK_NEGATIVE performed: object now behind[0m
[1;32mDROP in nest & random-turn away[0m
[1;32mEARLY-STOP → could not nest: drop & resume wander[0m
[1;32mEARLY-STOP → could not nest: drop & resume wander[0m
[1;32mFOOD aligned: crossing 9.0 m before rear-lock[0m
[1;32mLOCK_NEGATIVE performed: object now behind[0m
[1;32mFOOD aligned: crossing 9.0 m before rear-lock[0m
[1;32mLOCK_NEGATIVE performed: object now behind[0m
[1;32mEARLY-STOP → could not nest: drop & resume wander[0m
[1;32mBUMPED ROBOT → bouncing[0m
[1;32mDROP in nest & random-turn away[0m
[1;32mBUMPED ROBOT → bouncing[0m
[1;32mBUMPED ROBOT → bouncing[0m
[1;32mEARLY-STOP → could not nest: drop & resume wander[0m
[1;32mNEST candidate → floor ref = 0.51[0m
[1;32mDROP in nest & random-turn away[0m
[1;32mNEST candidate → floor ref = 0.35[0m
[1;32mDROP in nest & random-turn away[0m
[1;32mFOOD aligned: crossing 9.0 m before rear-lock[0m
[1;32mLOCK_NEGATIVE performed: object now behind[0m
[1;32mFOOD aligned: crossing 9.0 m before rear-lock[0m
[1;32mFOOD aligned: crossing 9.0 m before rear-lock[0m
[1;32mLOCK_NEGATIVE performed: object now behind[0m
[1;32mLOCK_NEGATIVE performed: object now behind[0m
[1;32mFOOD aligned: crossing 9.0 m before rear-lock[0m
[1;32mLOCK_NEGATIVE performed: object now behind[0m
[1;32mEARLY-STOP → could not nest: drop & resume wander[0m
[1;32mDROP in nest & random-turn away[0m
[1;32mEARLY-STOP → could not nest: drop & resume wander[0m
[1;32mFOOD aligned: crossing 9.0 m before rear-lock[0m
[1;32mLOCK_NEGATIVE performed: object now behind[0m
[1;32mFOOD aligned: crossing 9.0 m before rear-lock[0m
[1;32mEARLY-STOP → could not nest: drop & resume wander[0m
[1;32mLOCK_NEGATIVE performed: object now behind[0m
[1;32mFOOD aligned: crossing 9.0 m before rear-lock[0m
[1;32mLOCK_NEGATIVE performed: object now behind[0m
[1;32mBUMPED ROBOT → bouncing[0m
[1;32mBUMPED ROBOT → bouncing[0m
[1;32mBUMPED ROBOT → bouncing[0m
[1;32mBUMPED ROBOT → bouncing[0m
[1;32mBUMPED ROBOT → bouncing[0m
[1;32mBUMPED ROBOT → bouncing[0m
[1;32mBUMPED ROBOT → bouncing[0m
[1;32mBUMPED ROBOT → bouncing[0m
[1;32mBUMPED ROBOT → bouncing[0m
[1;32mBUMPED ROBOT → bouncing[0m
[1;32mBUMPED ROBOT → bouncing[0m
[1;32mBUMPED ROBOT → bouncing[0m
[1;32mBUMPED ROBOT → bouncing[0m
[1;32mBUMPED ROBOT → bouncing[0m
[1;32mBUMPED ROBOT → bouncing[0m
[1;32mBUMPED ROBOT → bouncing[0m
[1;32mFOOD aligned: crossing 9.0 m before rear-lock[0m
[1;32mBUMPED ROBOT → bouncing[0m
[1;32mBUMPED ROBOT → bouncing[0m
[1;32mEARLY-STOP → could not nest: drop & resume wander[0m
[1;32mBUMPED ROBOT → bouncing[0m
[1;32mBUMPED ROBOT → bouncing[0m
[1;32mBUMPED ROBOT → bouncing[0m
[1;32mLOCK_NEGATIVE performed: object now behind[0m
[1;32mEARLY-STOP → could not nest: drop & resume wander[0m
[1;32mBUMPED ROBOT → bouncing[0m
[1;32mBUMPED ROBOT → bouncing[0m
[1;32mDROP in nest & random-turn away[0m
[1;32mFOOD aligned: crossing 9.0 m before rear-lock[0m
[1;32mNEST candidate → floor ref = 0.51[0m
[1;32mDROP in nest & random-turn away[0m
[1;32mannealed alpha = 0.998[0m
[1;32mFOOD aligned: crossing 9.0 m before rear-lock[0m
[1;32mLOCK_NEGATIVE performed: object now behind[0m
[1;32mDROP in nest & random-turn away[0m
[1;32mLOCK_NEGATIVE performed: object now behind[0m
[1;32mannealed alpha = 0.998[0m
[1;32mannealed alpha = 0.998[0m
[1;32mNEST candidate → floor ref = 0.35[0m
[1;32mannealed alpha = 0.998[0m
[1;32mannealed alpha = 0.998[0m
[1;32mannealed alpha = 0.998[0m
[1;32mannealed alpha = 0.998[0m
[1;32mannealed alpha = 0.998[0m
[1;32mannealed alpha = 0.998[0m
[1;32mFOOD aligned: crossing 9.0 m before rear-lock[0m
[1;32mannealed alpha = 0.998[0m
[1;32mannealed alpha = 0.998[0m
[1;32mannealed alpha = 0.998[0m
[1;32mannealed alpha = 0.998[0m
[1;32mLOCK_NEGATIVE performed: object now behind[0m
[1;32mFOOD aligned: crossing 9.0 m before rear-lock[0m
[1;32mannealed alpha = 0.998[0m
[1;32mannealed alpha = 0.998[0m
[1;32mDROP in nest & random-turn away[0m
[1;32mLOCK_NEGATIVE performed: object now behind[0m
[1;32mBUMPED ROBOT → bouncing[0m
[1;32mBUMPED ROBOT → bouncing[0m
[1;32mannealed alpha = 0.998[0m
[1;32mDROP in nest & random-turn away[0m
[1;32mFOOD aligned: crossing 9.0 m before rear-lock[0m
[1;32mEARLY-STOP → could not nest: drop & resume wander[0m
[1;32mLOCK_NEGATIVE performed: object now behind[0m
[1;32mEARLY-STOP → could not nest: drop & resume wander[0m
[1;32mDROP in nest & random-turn away[0m
[1;32mBUMPED ROBOT → bouncing[0m
[1;32mBUMPED ROBOT → bouncing[0m
[1;32mBUMPED ROBOT → bouncing[0m
[1;32mBUMPED ROBOT → bouncing[0m
[1;32mBUMPED ROBOT → bouncing[0m
[1;32mBUMPED ROBOT → bouncing[0m
[1;32mBUMPED ROBOT → bouncing[0m
[1;32mBUMPED ROBOT → bouncing[0m
[1;32mBUMPED ROBOT → bouncing[0m
[1;32mBUMPED ROBOT → bouncing[0m
[1;32mBUMPED ROBOT → bouncing[0m
[1;32mBUMPED ROBOT → bouncing[0m
[1;32mBUMPED ROBOT → bouncing[0m
[1;32mBUMPED ROBOT → bouncing[0m
[1;32mBUMPED ROBOT → bouncing[0m
[1;32mBUMPED ROBOT → bouncing[0m
[1;32mBUMPED ROBOT → bouncing[0m
[1;32mBUMPED ROBOT → bouncing[0m
[1;32mBUMPED ROBOT → bouncing[0m
[1;32mBUMPED ROBOT → bouncing[0m
[1;32mBUMPED ROBOT → bouncing[0m
[1;32mBUMPED ROBOT → bouncing[0m
[1;32mBUMPED ROBOT → bouncing[0m
[1;32mBUMPED ROBOT → bouncing[0m
[1;32mBUMPED ROBOT → bouncing[0m
[1;32mFOOD aligned: crossing 9.0 m before rear-lock[0m
[1;32mLOCK_NEGATIVE performed: object now behind[0m
[1;32mFOOD aligned: crossing 9.0 m before rear-lock[0m
[1;32mLOCK_NEGATIVE performed: object now behind[0m
[1;32mFOOD aligned: crossing 9.0 m before rear-lock[0m
[1;32mFOOD aligned: crossing 9.0 m before rear-lock[0m
[1;32mLOCK_NEGATIVE performed: object now behind[0m
[1;32mLOCK_NEGATIVE performed: object now behind[0m
[1;32mEARLY-STOP → could not nest: drop & resume wander[0m
[1;32mFOOD aligned: crossing 9.0 m before rear-lock[0m
[1;32mBUMPED ROBOT → bouncing[0m
[1;32mBUMPED ROBOT → bouncing[0m
[1;32mFOOD aligned: crossing 9.0 m before rear-lock[0m
[1;32mBUMPED ROBOT → bouncing[0m
[1;32mLOCK_NEGATIVE performed: object now behind[0m
[1;32mBUMPED ROBOT → bouncing[0m
[1;32mBUMPED ROBOT → bouncing[0m
[1;32mLOCK_NEGATIVE performed: object now behind[0m
[1;32mEARLY-STOP → could not nest: drop & resume wander[0m
[1;32mDROP in nest & random-turn away[0m
[1;32mFOOD aligned: crossing 9.0 m before rear-lock[0m
[1;32mLOCK_NEGATIVE performed: object now behind[0m
[1;32mDROP in nest & random-turn away[0m
[1;32mFOOD aligned: crossing 9.0 m before rear-lock[0m
[1;32mFOOD aligned: crossing 9.0 m before rear-lock[0m
[1;32mLOCK_NEGATIVE performed: object now behind[0m
[1;32mLOCK_NEGATIVE performed: object now behind[0m
[1;32mDROP in nest & random-turn away[0m
[1;32mDROP in nest & random-turn away[0m
[1;32mBUMPED ROBOT → bouncing[0m
[1;32mBUMPED ROBOT → bouncing[0m
[1;32mEARLY-STOP → could not nest: drop & resume wander[0m
[1;32mFOOD aligned: crossing 9.0 m before rear-lock[0m
[1;32mEARLY-STOP → could not nest: drop & resume wander[0m
[1;32mLOCK_NEGATIVE performed: object now behind[0m
[1;32mDROP in nest & random-turn away[0m
[1;32mEARLY-STOP → could not nest: drop & resume wander[0m
[1;32mFOOD aligned: crossing 9.0 m before rear-lock[0m
[1;32mBUMPED ROBOT → bouncing[0m
[1;32mBUMPED ROBOT → bouncing[0m
[1;32mBUMPED ROBOT → bouncing[0m
[1;32mBUMPED ROBOT → bouncing[0m
[1;32mFOOD aligned: crossing 9.0 m before rear-lock[0m
[1;32mLOCK_NEGATIVE performed: object now behind[0m
[1;32mBUMPED ROBOT → bouncing[0m
[1;32mFOOD aligned: crossing 9.0 m before rear-lock[0m
[1;32mDROP in nest & random-turn away[0m
[1;32mLOCK_NEGATIVE performed: object now behind[0m
[1;32mLOCK_NEGATIVE performed: object now behind[0m
[1;32mBUMPED ROBOT → bouncing[0m
[1;32mBUMPED ROBOT → bouncing[0m
[1;32mBUMPED ROBOT → bouncing[0m
[1;32mFOOD aligned: crossing 9.0 m before rear-lock[0m
[1;32mLOCK_NEGATIVE performed: object now behind[0m
[1;32mFOOD aligned: crossing 9.0 m before rear-lock[0m
[1;32mFOOD aligned: crossing 9.0 m before rear-lock[0m
[1;32mLOCK_NEGATIVE performed: object now behind[0m
[1;32mLOCK_NEGATIVE performed: object now behind[0m
[1;32mFOOD aligned: crossing 9.0 m before rear-lock[0m
[1;32mDROP in nest & curved escape[0m
[1;32mLOCK_NEGATIVE performed: object now behind[0m
[1;32mEARLY-STOP → could not nest: drop & resume wander[0m
[1;32mDROP in nest & random-turn away[0m
[1;32mFOOD aligned: crossing 9.0 m before rear-lock[0m
[1;32mLOCK_NEGATIVE performed: object now behind[0m
[1;32mDROP in nest & random-turn away[0m
[1;32mFOOD aligned: crossing 9.0 m before rear-lock[0m
[1;32mBUMPED ROBOT → bouncing[0m
[1;32mBUMPED ROBOT → bouncing[0m
[1;32mLOCK_NEGATIVE performed: object now behind[0m
[1;32mBUMPED ROBOT → bouncing[0m
[1;32mBUMPED ROBOT → bouncing[0m
[1;32mBUMPED ROBOT → bouncing[0m
[1;32mBUMPED ROBOT → bouncing[0m
[1;32mBUMPED ROBOT → bouncing[0m
[1;32mBUMPED ROBOT → bouncing[0m
[1;32mFOOD aligned: crossing 9.0 m before rear-lock[0m
[1;32mFOOD aligned: crossing 9.0 m before rear-lock[0m
[1;32mLOCK_NEGATIVE performed: object now behind[0m
[1;32mLOCK_NEGATIVE performed: object now behind[0m
[1;32mEARLY-STOP → could not nest: drop & resume wander[0m
[1;32mDROP in nest & random-turn away[0m
[1;32mFOOD aligned: crossing 9.0 m before rear-lock[0m
[1;32mLOCK_NEGATIVE performed: object now behind[0m
[1;32mFOOD aligned: crossing 9.0 m before rear-lock[0m
[1;32mLOCK_NEGATIVE performed: object now behind[0m
[1;32mDROP in nest & random-turn away[0m
[1;32mDROP in nest & random-turn away[0m
[1;32mEARLY-STOP → could not nest: drop & resume wander[0m
[1;32mFOOD aligned: crossing 9.0 m before rear-lock[0m
[1;32mLOCK_NEGATIVE performed: object now behind[0m
[1;32mFOOD aligned: crossing 9.0 m before rear-lock[0m
[1;32mLOCK_NEGATIVE performed: object now behind[0m
[1;32mDROP in nest & random-turn away[0m
[1;32mFOOD aligned: crossing 9.0 m before rear-lock[0m
[1;32mFOOD aligned: crossing 9.0 m before rear-lock[0m
[1;32mLOCK_NEGATIVE performed: object now behind[0m
[1;32mLOCK_NEGATIVE performed: object now behind[0m
[1;32mFOOD aligned: crossing 9.0 m before rear-lock[0m
[1;32mEARLY-STOP → could not nest: drop & resume wander[0m
[1;32mLOCK_NEGATIVE performed: object now behind[0m
[1;32mEARLY-STOP → could not nest: drop & resume wander[0m
[1;32mEARLY-STOP → could not nest: drop & resume wander[0m
[1;32mFOOD aligned: crossing 9.0 m before rear-lock[0m
[1;32mFOOD aligned: crossing 9.0 m before rear-lock[0m
[1;32mLOCK_NEGATIVE performed: object now behind[0m
[1;32mDROP in nest & random-turn away[0m
[1;32mLOCK_NEGATIVE performed: object now behind[0m
[1;32mEARLY-STOP → could not nest: drop & resume wander[0m
[1;32mEARLY-STOP → could not nest: drop & resume wander[0m
[1;32mDROP in nest & random-turn away[0m
[1;32mEARLY-STOP → could not nest: drop & resume wander[0m
[1;32mFOOD aligned: crossing 9.0 m before rear-lock[0m
[1;32mFOOD aligned: crossing 9.0 m before rear-lock[0m
[1;32mLOCK_NEGATIVE performed: object now behind[0m
[1;32mDROP in nest & random-turn away[0m
[1;32mLOCK_NEGATIVE performed: object now behind[0m
[1;32mEARLY-STOP → could not nest: drop & resume wander[0m
[1;32mFOOD aligned: crossing 9.0 m before rear-lock[0m
[1;32mFOOD aligned: crossing 9.0 m before rear-lock[0m
[1;32mLOCK_NEGATIVE performed: object now behind[0m
[1;32mFOOD aligned: crossing 9.0 m before rear-lock[0m
[1;32mFOOD aligned: crossing 9.0 m before rear-lock[0m
[1;32mEARLY-STOP → could not nest: drop & resume wander[0m
[1;32mLOCK_NEGATIVE performed: object now behind[0m
[1;32mLOCK_NEGATIVE performed: object now behind[0m
[1;32mLOCK_NEGATIVE performed: object now behind[0m
[1;32mFOOD aligned: crossing 9.0 m before rear-lock[0m
[1;32mFOOD aligned: crossing 9.0 m before rear-lock[0m
[1;32mFOOD aligned: crossing 9.0 m before rear-lock[0m
[1;32mLOCK_NEGATIVE performed: object now behind[0m
[1;32mLOCK_NEGATIVE performed: object now behind[0m
[1;32mDROP in nest & random-turn away[0m
[1;32mLOCK_NEGATIVE performed: object now behind[0m
[1;32mBUMPED ROBOT → bouncing[0m
[1;32mBUMPED ROBOT → bouncing[0m
[1;32mBUMPED ROBOT → bouncing[0m
[1;32mBUMPED ROBOT → bouncing[0m
[1;32mBUMPED ROBOT → bouncing[0m
[1;32mBUMPED ROBOT → bouncing[0m
[1;32mDROP in nest & random-turn away[0m
[1;32mFOOD aligned: crossing 9.0 m before rear-lock[0m
[1;32mLOCK_NEGATIVE performed: object now behind[0m
[1;32mEARLY-STOP → could not nest: drop & resume wander[0m
[1;32mFOOD aligned: crossing 9.0 m before rear-lock[0m
[1;32mLOCK_NEGATIVE performed: object now behind[0m
[1;32mEARLY-STOP → could not nest: drop & resume wander[0m
[1;32mFOOD aligned: crossing 9.0 m before rear-lock[0m
[1;32mDROP in nest & random-turn away[0m
[1;32mLOCK_NEGATIVE performed: object now behind[0m
[1;32mFOOD aligned: crossing 9.0 m before rear-lock[0m
[1;32mLOCK_NEGATIVE performed: object now behind[0m
[1;32mEARLY-STOP → could not nest: drop & resume wander[0m
[1;32mDROP in nest & random-turn away[0m
[1;32mFOOD aligned: crossing 9.0 m before rear-lock[0m
[1;32mFOOD aligned: crossing 9.0 m before rear-lock[0m
[1;32mFOOD aligned: crossing 9.0 m before rear-lock[0m
[1;32mLOCK_NEGATIVE performed: object now behind[0m
[1;32mDROP in nest & random-turn away[0m
[1;32mLOCK_NEGATIVE performed: object now behind[0m
[1;32mLOCK_NEGATIVE performed: object now behind[0m
[1;32mEARLY-STOP → could not nest: drop & resume wander[0m
[1;32mEARLY-STOP → could not nest: drop & resume wander[0m
[1;32mFOOD aligned: crossing 9.0 m before rear-lock[0m
[1;32mLOCK_NEGATIVE performed: object now behind[0m
[1;32mDROP in nest & random-turn away[0m
[1;32mFOOD aligned: crossing 9.0 m before rear-lock[0m
[1;32mFOOD aligned: crossing 9.0 m before rear-lock[0m
[1;32mDROP in nest & random-turn away[0m
[1;32mLOCK_NEGATIVE performed: object now behind[0m
[1;32mLOCK_NEGATIVE performed: object now behind[0m
[1;32mFOOD aligned: crossing 9.0 m before rear-lock[0m
[1;32mEARLY-STOP → could not nest: drop & resume wander[0m
[1;32mLOCK_NEGATIVE performed: object now behind[0m
[1;32mEARLY-STOP → could not nest: drop & resume wander[0m
[1;32mEARLY-STOP → could not nest: drop & resume wander[0m
[1;32mFOOD aligned: crossing 9.0 m before rear-lock[0m
[1;32mEARLY-STOP → could not nest: drop & resume wander[0m
[1;32mLOCK_NEGATIVE performed: object now behind[0m
[1;32mEARLY-STOP → could not nest: drop & resume wander[0m
[1;32mEARLY-STOP → could not nest: drop & resume wander[0m
[1;32mFOOD aligned: crossing 9.0 m before rear-lock[0m
[1;32mLOCK_NEGATIVE performed: object now behind[0m
[1;32mFOOD aligned: crossing 9.0 m before rear-lock[0m
[1;32mLOCK_NEGATIVE performed: object now behind[0m
[1;32mFOOD aligned: crossing 9.0 m before rear-lock[0m
[1;32mLOCK_NEGATIVE performed: object now behind[0m
[1;32mFOOD aligned: crossing 9.0 m before rear-lock[0m
[1;32mFOOD aligned: crossing 9.0 m before rear-lock[0m
[1;32mEARLY-STOP → could not nest: drop & resume wander[0m
[1;32mLOCK_NEGATIVE performed: object now behind[0m
[1;32mFOOD aligned: crossing 9.0 m before rear-lock[0m
[1;32mLOCK_NEGATIVE performed: object now behind[0m
[1;32mDROP in nest & random-turn away[0m
[1;32mLOCK_NEGATIVE performed: object now behind[0m
[1;32mFOOD aligned: crossing 9.0 m before rear-lock[0m
[1;32mLOCK_NEGATIVE performed: object now behind[0m
[1;32mDROP in nest & random-turn away[0m
[1;32mDROP in nest & random-turn away[0m
[1;32mFOOD aligned: crossing 9.0 m before rear-lock[0m
[1;32mLOCK_NEGATIVE performed: object now behind[0m
[1;32mBUMPED ROBOT → bouncing[0m
[1;32mBUMPED ROBOT → bouncing[0m
[1;32mBUMPED ROBOT → bouncing[0m
[1;32mBUMPED ROBOT → bouncing[0m
[1;32mBUMPED ROBOT → bouncing[0m
[1;32mBUMPED ROBOT → bouncing[0m
[1;32mFOOD aligned: crossing 9.0 m before rear-lock[0m
[1;32mBUMPED ROBOT → bouncing[0m
[1;32mBUMPED ROBOT → bouncing[0m
[1;32mBUMPED ROBOT → bouncing[0m
[1;32mBUMPED ROBOT → bouncing[0m
[1;32mLOCK_NEGATIVE performed: object now behind[0m
[1;32mBUMPED ROBOT → bouncing[0m
[1;32mBUMPED ROBOT → bouncing[0m
[1;32mBUMPED ROBOT → bouncing[0m
[1;32mBUMPED ROBOT → bouncing[0m
[1;32mEARLY-STOP → could not nest: drop & resume wander[0m
[1;32mDROP in nest & random-turn away[0m
[1;32mEARLY-STOP → could not nest: drop & resume wander[0m
[1;32mEARLY-STOP → could not nest: drop & resume wander[0m
[1;32mFOOD aligned: crossing 9.0 m before rear-lock[0m
[1;32mEARLY-STOP → could not nest: drop & resume wander[0m
[1;32mDROP in nest & random-turn away[0m
[1;32mLOCK_NEGATIVE performed: object now behind[0m
[1;32mFOOD aligned: crossing 9.0 m before rear-lock[0m
[1;32mEARLY-STOP → could not nest: drop & resume wander[0m
[1;32mLOCK_NEGATIVE performed: object now behind[0m
[1;32mFOOD aligned: crossing 9.0 m before rear-lock[0m
[1;32mFOOD aligned: crossing 9.0 m before rear-lock[0m
[1;32mFOOD aligned: crossing 9.0 m before rear-lock[0m
[1;32mFOOD aligned: crossing 9.0 m before rear-lock[0m
[1;32mLOCK_NEGATIVE performed: object now behind[0m
[1;32mLOCK_NEGATIVE performed: object now behind[0m
[1;32mLOCK_NEGATIVE performed: object now behind[0m
[1;32mLOCK_NEGATIVE performed: object now behind[0m
[1;32mEARLY-STOP → could not nest: drop & resume wander[0m
[1;32mFOOD aligned: crossing 9.0 m before rear-lock[0m
[1;32mDROP in nest & random-turn away[0m
[1;32mLOCK_NEGATIVE performed: object now behind[0m
[1;32mDROP in nest & random-turn away[0m
[1;32mEARLY-STOP → could not nest: drop & resume wander[0m
[1;32mFOOD aligned: crossing 9.0 m before rear-lock[0m
[1;32mLOCK_NEGATIVE performed: object now behind[0m
[1;32mEARLY-STOP → could not nest: drop & resume wander[0m
[1;32mEARLY-STOP → could not nest: drop & resume wander[0m
[1;32mDROP in nest & random-turn away[0m
[1;32mBUMPED ROBOT → bouncing[0m
[1;32mBUMPED ROBOT → bouncing[0m
[1;32mEARLY-STOP → could not nest: drop & resume wander[0m
[1;32mFOOD aligned: crossing 9.0 m before rear-lock[0m
[1;32mLOCK_NEGATIVE performed: object now behind[0m
[1;32mDROP in nest & random-turn away[0m
[1;32mFOOD aligned: crossing 9.0 m before rear-lock[0m
[1;32mLOCK_NEGATIVE performed: object now behind[0m
[1;32mannealed alpha = 1.000[0m
[1;32mannealed alpha = 1.000[0m
[1;32mannealed alpha = 1.000[0m
[1;32mannealed alpha = 1.000[0m
[1;32mannealed alpha = 1.000[0m
[1;32mFOOD aligned: crossing 9.0 m before rear-lock[0m
[1;32mannealed alpha = 1.000[0m
[1;32mannealed alpha = 1.000[0m
[1;32mannealed alpha = 1.000[0m
[1;32mannealed alpha = 1.000[0m
[1;32mDROP in nest & random-turn away[0m
[1;32mLOCK_NEGATIVE performed: object now behind[0m
[1;32mannealed alpha = 1.000[0m
[1;32mannealed alpha = 1.000[0m
[1;32mFOOD aligned: crossing 9.0 m before rear-lock[0m
[1;32mannealed alpha = 1.000[0m
[1;32mLOCK_NEGATIVE performed: object now behind[0m
[1;32mannealed alpha = 1.000[0m
[1;32mannealed alpha = 1.000[0m
[1;32mFOOD aligned: crossing 9.0 m before rear-lock[0m
[1;32mannealed alpha = 1.000[0m
[1;32mannealed alpha = 1.000[0m
[1;32mLOCK_NEGATIVE performed: object now behind[0m
[1;32mFOOD aligned: crossing 9.0 m before rear-lock[0m
[1;32mLOCK_NEGATIVE performed: object now behind[0m
[1;32mLOST food → back to WANDER[0m
[1;32mDROP in nest & random-turn away[0m
[1;32mDROP in nest & random-turn away[0m
[1;32mFOOD aligned: crossing 9.0 m before rear-lock[0m
[1;32mFOOD aligned: crossing 9.0 m before rear-lock[0m
[1;32mBUMPED ROBOT → bouncing[0m
[1;32mBUMPED ROBOT → bouncing[0m
[1;32mBUMPED ROBOT → bouncing[0m
[1;32mLOCK_NEGATIVE performed: object now behind[0m
[1;32mBUMPED ROBOT → bouncing[0m
[1;32mLOCK_NEGATIVE performed: object now behind[0m
[1;32mBUMPED ROBOT → bouncing[0m
[1;32mBUMPED ROBOT → bouncing[0m
[1;32mDROP in nest & random-turn away[0m
[1;32mBUMPED ROBOT → bouncing[0m
[1;32mBUMPED ROBOT → bouncing[0m
[1;32mBUMPED ROBOT → bouncing[0m
[1;32mBUMPED ROBOT → bouncing[0m
[1;32mBUMPED ROBOT → bouncing[0m
[1;32mBUMPED ROBOT → bouncing[0m
[1;32mBUMPED ROBOT → bouncing[0m
[1;32mBUMPED ROBOT → bouncing[0m
[1;32mBUMPED ROBOT → bouncing[0m
[1;32mBUMPED ROBOT → bouncing[0m
[1;32mBUMPED ROBOT → bouncing[0m
[1;32mBUMPED ROBOT → bouncing[0m
[1;32mFOOD aligned: crossing 9.0 m before rear-lock[0m
[1;32mLOCK_NEGATIVE performed: object now behind[0m
[1;32mFOOD aligned: crossing 9.0 m before rear-lock[0m
[1;32mLOCK_NEGATIVE performed: object now behind[0m
[1;32mDROP in nest & random-turn away[0m
[1;32mFOOD aligned: crossing 9.0 m before rear-lock[0m
[1;32mLOCK_NEGATIVE performed: object now behind[0m
[1;32mEARLY-STOP → could not nest: drop & resume wander[0m
[1;32mFOOD aligned: crossing 9.0 m before rear-lock[0m
[1;32mLOCK_NEGATIVE performed: object now behind[0m
[1;32mFOOD aligned: crossing 9.0 m before rear-lock[0m
[1;32mLOCK_NEGATIVE performed: object now behind[0m
[1;32mFOOD aligned: crossing 9.0 m before rear-lock[0m
[1;32mLOCK_NEGATIVE performed: object now behind[0m
[1;32mEARLY-STOP → could not nest: drop & resume wander[0m
[1;32mFOOD aligned: crossing 9.0 m before rear-lock[0m
[1;32mDROP in nest & random-turn away[0m
[1;32mDROP in nest & random-turn away[0m
[1;32mLOCK_NEGATIVE performed: object now behind[0m
[1;32mEARLY-STOP → could not nest: drop & resume wander[0m
[1;32mDROP in nest & random-turn away[0m
[1;32mFOOD aligned: crossing 9.0 m before rear-lock[0m
[1;32mBUMPED ROBOT → bouncing[0m
[1;32mLOCK_NEGATIVE performed: object now behind[0m
[1;32mEARLY-STOP → could not nest: drop & resume wander[0m
[1;32mEARLY-STOP → could not nest: drop & resume wander[0m
[1;32mDROP in nest & random-turn away[0m
[1;32mFOOD aligned: crossing 9.0 m before rear-lock[0m
[1;32mLOCK_NEGATIVE performed: object now behind[0m
[1;32mFOOD aligned: crossing 9.0 m before rear-lock[0m
[1;32mLOCK_NEGATIVE performed: object now behind[0m
[1;32mFOOD aligned: crossing 9.0 m before rear-lock[0m
[1;32mFOOD aligned: crossing 9.0 m before rear-lock[0m
[1;32mLOCK_NEGATIVE performed: object now behind[0m
[1;32mLOCK_NEGATIVE performed: object now behind[0m
[1;32mFOOD aligned: crossing 9.0 m before rear-lock[0m
[1;32mEARLY-STOP → could not nest: drop & resume wander[0m
[1;32mLOCK_NEGATIVE performed: object now behind[0m
[1;32mEARLY-STOP → could not nest: drop & resume wander[0m
[1;32mFOOD aligned: crossing 9.0 m before rear-lock[0m
[1;32mFOOD aligned: crossing 9.0 m before rear-lock[0m
[1;32mLOCK_NEGATIVE performed: object now behind[0m
[1;32mDROP in nest & random-turn away[0m
[1;32mEARLY-STOP → could not nest: drop & resume wander[0m
[1;32mDROP in nest & random-turn away[0m
[1;32mLOCK_NEGATIVE performed: object now behind[0m
[1;32mDROP in nest & random-turn away[0m
[1;32mEARLY-STOP → could not nest: drop & resume wander[0m
[1;32mFOOD aligned: crossing 9.0 m before rear-lock[0m
[1;32mLOCK_NEGATIVE performed: object now behind[0m
[1;32mFOOD aligned: crossing 9.0 m before rear-lock[0m
[1;32mDROP in nest & random-turn away[0m
[1;32mLOCK_NEGATIVE performed: object now behind[0m
[1;32mFOOD aligned: crossing 9.0 m before rear-lock[0m
[1;32mLOCK_NEGATIVE performed: object now behind[0m
[1;32mEARLY-STOP → could not nest: drop & resume wander[0m
[1;32mFOOD aligned: crossing 9.0 m before rear-lock[0m
[1;32mFOOD aligned: crossing 9.0 m before rear-lock[0m
[1;32mLOCK_NEGATIVE performed: object now behind[0m
[1;32mLOCK_NEGATIVE performed: object now behind[0m
[1;32mNEST candidate → floor ref = 0.35[0m
[1;32mFOOD aligned: crossing 9.0 m before rear-lock[0m
[1;32mLOCK_NEGATIVE performed: object now behind[0m
[1;32mFOOD aligned: crossing 9.0 m before rear-lock[0m
[1;32mDROP in nest & random-turn away[0m
[1;32mDROP in nest & random-turn away[0m
[1;32mFOOD aligned: crossing 9.0 m before rear-lock[0m
[1;32mLOCK_NEGATIVE performed: object now behind[0m
[1;32mEARLY-STOP → could not nest: drop & resume wander[0m
[1;32mLOCK_NEGATIVE performed: object now behind[0m
[1;32mFOOD aligned: crossing 9.0 m before rear-lock[0m
[1;32mDROP in nest & random-turn away[0m
[1;32mLOCK_NEGATIVE performed: object now behind[0m
[1;32mFOOD aligned: crossing 9.0 m before rear-lock[0m
[1;32mLOCK_NEGATIVE performed: object now behind[0m
[1;32mFOOD aligned: crossing 9.0 m before rear-lock[0m
[1;32mLOCK_NEGATIVE performed: object now behind[0m
[1;32mEARLY-STOP → could not nest: drop & resume wander[0m
[1;32mFOOD aligned: crossing 9.0 m before rear-lock[0m
[1;32mFOOD aligned: crossing 9.0 m before rear-lock[0m
[1;32mLOCK_NEGATIVE performed: object now behind[0m
[1;32mLOCK_NEGATIVE performed: object now behind[0m
[1;32mDROP in nest & random-turn away[0m
[1;32mDROP in nest & random-turn away[0m
[1;32mDROP in nest & random-turn away[0m
[1;32mFOOD aligned: crossing 9.0 m before rear-lock[0m
[1;32mLOCK_NEGATIVE performed: object now behind[0m
[1;32mDROP in nest & random-turn away[0m
[1;32mBUMPED ROBOT → bouncing[0m
[1;32mBUMPED ROBOT → bouncing[0m
[1;32mBUMPED ROBOT → bouncing[0m
[1;32mBUMPED ROBOT → bouncing[0m
[1;32mBUMPED ROBOT → bouncing[0m
[1;32mBUMPED ROBOT → bouncing[0m
[1;32mBUMPED ROBOT → bouncing[0m
[1;32mBUMPED ROBOT → bouncing[0m
[1;32mBUMPED ROBOT → bouncing[0m
[1;32mBUMPED ROBOT → bouncing[0m
[1;32mBUMPED ROBOT → bouncing[0m
[1;32mBUMPED ROBOT → bouncing[0m
[1;32mBUMPED ROBOT → bouncing[0m
[1;32mDROP in nest & random-turn away[0m
[1;32mBUMPED ROBOT → bouncing[0m
[1;32mBUMPED ROBOT → bouncing[0m
[1;32mBUMPED ROBOT → bouncing[0m
[1;32mBUMPED ROBOT → bouncing[0m
[1;32mBUMPED ROBOT → bouncing[0m
[1;32mBUMPED ROBOT → bouncing[0m
[1;32mBUMPED ROBOT → bouncing[0m
[1;32mBUMPED ROBOT → bouncing[0m
[1;32mBUMPED ROBOT → bouncing[0m
[1;32mBUMPED ROBOT → bouncing[0m
[1;32mBUMPED ROBOT → bouncing[0m
[1;32mBUMPED ROBOT → bouncing[0m
[1;32mBUMPED ROBOT → bouncing[0m
[1;32mBUMPED ROBOT → bouncing[0m
[1;32mBUMPED ROBOT → bouncing[0m
[1;32mBUMPED ROBOT → bouncing[0m
[1;32mBUMPED ROBOT → bouncing[0m
[1;32mBUMPED ROBOT → bouncing[0m
[1;32mBUMPED ROBOT → bouncing[0m
[1;32mBUMPED ROBOT → bouncing[0m
[1;32mBUMPED ROBOT → bouncing[0m
[1;32mBUMPED ROBOT → bouncing[0m
[1;32mBUMPED ROBOT → bouncing[0m
[1;32mBUMPED ROBOT → bouncing[0m
[1;32mBUMPED ROBOT → bouncing[0m
[1;32mBUMPED ROBOT → bouncing[0m
[1;32mBUMPED ROBOT → bouncing[0m
[1;32mFOOD aligned: crossing 9.0 m before rear-lock[0m
[1;32mBUMPED ROBOT → bouncing[0m
[1;32mLOCK_NEGATIVE performed: object now behind[0m
[1;32mBUMPED ROBOT → bouncing[0m
[1;32mBUMPED ROBOT → bouncing[0m
[1;32mBUMPED ROBOT → bouncing[0m
[1;32mFOOD aligned: crossing 9.0 m before rear-lock[0m
[1;32mLOCK_NEGATIVE performed: object now behind[0m
[1;32mFOOD aligned: crossing 9.0 m before rear-lock[0m
[1;32mLOCK_NEGATIVE performed: object now behind[0m
[1;32mLOST food → back to WANDER[0m
[1;32mEARLY-STOP → could not nest: drop & resume wander[0m
[1;32mDROP in nest & random-turn away[0m
[1;32mEARLY-STOP → could not nest: drop & resume wander[0m
[1;32mFOOD aligned: crossing 9.0 m before rear-lock[0m
[1;32mNEST candidate → floor ref = 0.51[0m
[1;32mDROP in nest & random-turn away[0m
[1;32mNEST candidate → floor ref = 0.35[0m
[1;32mLOCK_NEGATIVE performed: object now behind[0m
[1;32mFOOD aligned: crossing 9.0 m before rear-lock[0m
[1;32mLOCK_NEGATIVE performed: object now behind[0m
[1;32mFOOD aligned: crossing 9.0 m before rear-lock[0m
[1;32mLOCK_NEGATIVE performed: object now behind[0m
[1;32mFOOD aligned: crossing 9.0 m before rear-lock[0m
[1;32mEARLY-STOP → could not nest: drop & resume wander[0m
[1;32mLOCK_NEGATIVE performed: object now behind[0m
[1;32mEARLY-STOP → could not nest: drop & resume wander[0m
[1;32mEARLY-STOP → could not nest: drop & resume wander[0m
[1;32mBUMPED ROBOT → bouncing[0m
[1;32mDROP in nest & random-turn away[0m
[1;32mFOOD aligned: crossing 9.0 m before rear-lock[0m
[1;32mEARLY-STOP → could not nest: drop & resume wander[0m
[1;32mFOOD aligned: crossing 9.0 m before rear-lock[0m
[1;32mLOCK_NEGATIVE performed: object now behind[0m
[1;32mLOCK_NEGATIVE performed: object now behind[0m
[1;32mEARLY-STOP → could not nest: drop & resume wander[0m
[1;32mFOOD aligned: crossing 9.0 m before rear-lock[0m
[1;32mFOOD aligned: crossing 9.0 m before rear-lock[0m
[1;32mLOCK_NEGATIVE performed: object now behind[0m
[1;32mLOCK_NEGATIVE performed: object now behind[0m
[1;32mFOOD aligned: crossing 9.0 m before rear-lock[0m
[1;32mFOOD aligned: crossing 9.0 m before rear-lock[0m
[1;32mLOCK_NEGATIVE performed: object now behind[0m
[1;32mFOOD aligned: crossing 9.0 m before rear-lock[0m
[1;32mLOCK_NEGATIVE performed: object now behind[0m
[1;32mLOCK_NEGATIVE performed: object now behind[0m
[1;32mEARLY-STOP → could not nest: drop & resume wander[0m
[1;32mFOOD aligned: crossing 9.0 m before rear-lock[0m
[1;32mFOOD aligned: crossing 9.0 m before rear-lock[0m
[1;32mLOCK_NEGATIVE performed: object now behind[0m
[1;32mLOCK_NEGATIVE performed: object now behind[0m
[1;32mDROP in nest & random-turn away[0m
[1;32mEARLY-STOP → could not nest: drop & resume wander[0m
[1;32mFOOD aligned: crossing 9.0 m before rear-lock[0m
[1;32mLOCK_NEGATIVE performed: object now behind[0m
[1;32mFOOD aligned: crossing 9.0 m before rear-lock[0m
[1;32mLOCK_NEGATIVE performed: object now behind[0m
[1;32mDROP in nest & random-turn away[0m
[1;32mFOOD aligned: crossing 9.0 m before rear-lock[0m
[1;32mLOCK_NEGATIVE performed: object now behind[0m
[1;32mFOOD aligned: crossing 9.0 m before rear-lock[0m
[1;32mLOCK_NEGATIVE performed: object now behind[0m
[1;32mEARLY-STOP → could not nest: drop & resume wander[0m
[1;32mDROP in nest & random-turn away[0m
[1;32mEARLY-STOP → could not nest: drop & resume wander[0m
[1;32mEARLY-STOP → could not nest: drop & resume wander[0m
[1;32mFOOD aligned: crossing 9.0 m before rear-lock[0m
[1;32mLOCK_NEGATIVE performed: object now behind[0m
[1;32mFOOD aligned: crossing 9.0 m before rear-lock[0m
[1;32mEARLY-STOP → could not nest: drop & resume wander[0m
[1;32mLOCK_NEGATIVE performed: object now behind[0m
[1;32mEARLY-STOP → could not nest: drop & resume wander[0m
[1;32mFOOD aligned: crossing 9.0 m before rear-lock[0m
[1;32mLOCK_NEGATIVE performed: object now behind[0m
[1;32mDROP in nest & random-turn away[0m
[1;32mFOOD aligned: crossing 9.0 m before rear-lock[0m
[1;32mDROP in nest & random-turn away[0m
[1;32mEARLY-STOP → could not nest: drop & resume wander[0m
[1;32mLOCK_NEGATIVE performed: object now behind[0m
[1;32mEARLY-STOP → could not nest: drop & resume wander[0m
[1;32mEARLY-STOP → could not nest: drop & resume wander[0m
[1;32mFOOD aligned: crossing 9.0 m before rear-lock[0m
[1;32mLOCK_NEGATIVE performed: object now behind[0m
[1;32mFOOD aligned: crossing 9.0 m before rear-lock[0m
[1;32mLOCK_NEGATIVE performed: object now behind[0m
[1;32mDROP in nest & random-turn away[0m
[1;32mFOOD aligned: crossing 9.0 m before rear-lock[0m
[1;32mLOCK_NEGATIVE performed: object now behind[0m
[1;32mEARLY-STOP → could not nest: drop & resume wander[0m
[1;32mEARLY-STOP → could not nest: drop & resume wander[0m
[1;32mFOOD aligned: crossing 9.0 m before rear-lock[0m
[1;32mBUMPED ROBOT → bouncing[0m
[1;32mBUMPED ROBOT → bouncing[0m
[1;32mBUMPED ROBOT → bouncing[0m
[1;32mLOCK_NEGATIVE performed: object now behind[0m
[1;32mFOOD aligned: crossing 9.0 m before rear-lock[0m
[1;32mFOOD aligned: crossing 9.0 m before rear-lock[0m
[1;32mLOCK_NEGATIVE performed: object now behind[0m
[1;32mLOCK_NEGATIVE performed: object now behind[0m
[1;32mEARLY-STOP → could not nest: drop & resume wander[0m
[1;32mFOOD aligned: crossing 9.0 m before rear-lock[0m
[1;32mFOOD aligned: crossing 9.0 m before rear-lock[0m
[1;32mBUMPED ROBOT → bouncing[0m
[1;32mBUMPED ROBOT → bouncing[0m
[1;32mLOCK_NEGATIVE performed: object now behind[0m
[1;32mBUMPED ROBOT → bouncing[0m
[1;32mBUMPED ROBOT → bouncing[0m
[1;32mLOCK_NEGATIVE performed: object now behind[0m
[1;32mBUMPED ROBOT → bouncing[0m
[1;32mBUMPED ROBOT → bouncing[0m
[1;32mBUMPED ROBOT → bouncing[0m
[1;32mBUMPED ROBOT → bouncing[0m
[1;32mDROP in nest & random-turn away[0m
[1;32mFOOD aligned: crossing 9.0 m before rear-lock[0m
[1;32mFOOD aligned: crossing 9.0 m before rear-lock[0m
[1;32mBUMPED ROBOT → bouncing[0m
[1;32mFOOD aligned: crossing 9.0 m before rear-lock[0m
[1;32mBUMPED ROBOT → bouncing[0m
[1;32mBUMPED ROBOT → bouncing[0m
[1;32mLOCK_NEGATIVE performed: object now behind[0m
[1;32mBUMPED ROBOT → bouncing[0m
[1;32mLOCK_NEGATIVE performed: object now behind[0m
[1;32mBUMPED ROBOT → bouncing[0m
[1;32mLOCK_NEGATIVE performed: object now behind[0m
[1;32mBUMPED ROBOT → bouncing[0m
[1;32mBUMPED ROBOT → bouncing[0m
[1;32mBUMPED ROBOT → bouncing[0m
[1;32mBUMPED ROBOT → bouncing[0m
[1;32mFOOD aligned: crossing 9.0 m before rear-lock[0m
[1;32mLOCK_NEGATIVE performed: object now behind[0m
[1;32mDROP in nest & random-turn away[0m
[1;32mEARLY-STOP → could not nest: drop & resume wander[0m
[1;32mFOOD aligned: crossing 9.0 m before rear-lock[0m
[1;32mannealed alpha = 1.000[0m
[1;32mLOCK_NEGATIVE performed: object now behind[0m
[1;32mannealed alpha = 1.000[0m
[1;32mannealed alpha = 1.000[0m
[1;32mDROP in nest & random-turn away[0m
[1;32mEARLY-STOP → could not nest: drop & resume wander[0m
[1;32mBUMPED ROBOT → bouncing[0m
[1;32mBUMPED ROBOT → bouncing[0m
[1;32mBUMPED ROBOT → bouncing[0m
[1;32mannealed alpha = 1.000[0m
[1;32mannealed alpha = 1.000[0m
[1;32mBUMPED ROBOT → bouncing[0m
[1;32mannealed alpha = 1.000[0m
[1;32mannealed alpha = 1.000[0m
[1;32mBUMPED ROBOT → bouncing[0m
[1;32mannealed alpha = 1.000[0m
[1;32mannealed alpha = 1.000[0m
[1;32mannealed alpha = 1.000[0m
[1;32mannealed alpha = 1.000[0m
[1;32mannealed alpha = 1.000[0m
[1;32mFOOD aligned: crossing 9.0 m before rear-lock[0m
[1;32mFOOD aligned: crossing 9.0 m before rear-lock[0m
[1;32mannealed alpha = 1.000[0m
[1;32mannealed alpha = 1.000[0m
[1;32mLOCK_NEGATIVE performed: object now behind[0m
[1;32mEARLY-STOP → could not nest: drop & resume wander[0m
[1;32mLOCK_NEGATIVE performed: object now behind[0m
[1;32mannealed alpha = 1.000[0m
[1;32mannealed alpha = 1.000[0m
[1;32mEARLY-STOP → could not nest: drop & resume wander[0m
[1;32mEARLY-STOP → could not nest: drop & resume wander[0m
[1;32mDROP in nest & random-turn away[0m
[1;32mDROP in nest & random-turn away[0m
[1;32mFOOD aligned: crossing 9.0 m before rear-lock[0m
[1;32mEARLY-STOP → could not nest: drop & resume wander[0m
[1;32mLOCK_NEGATIVE performed: object now behind[0m
[1;32mEARLY-STOP → could not nest: drop & resume wander[0m
[1;32mFOOD aligned: crossing 9.0 m before rear-lock[0m
[1;32mLOCK_NEGATIVE performed: object now behind[0m
[1;32mEARLY-STOP → could not nest: drop & resume wander[0m
[1;32mEARLY-STOP → could not nest: drop & resume wander[0m
[1;32mFOOD aligned: crossing 9.0 m before rear-lock[0m
[1;32mLOCK_NEGATIVE performed: object now behind[0m
[1;32mDROP in nest & random-turn away[0m
[1;32mFOOD aligned: crossing 9.0 m before rear-lock[0m
[1;32mFOOD aligned: crossing 9.0 m before rear-lock[0m
[1;32mLOCK_NEGATIVE performed: object now behind[0m
[1;32mDROP in nest & random-turn away[0m
[1;32mLOCK_NEGATIVE performed: object now behind[0m
[1;32mFOOD aligned: crossing 9.0 m before rear-lock[0m
[1;32mLOCK_NEGATIVE performed: object now behind[0m
[1;32mFOOD aligned: crossing 9.0 m before rear-lock[0m
[1;32mLOCK_NEGATIVE performed: object now behind[0m
[1;32mFOOD aligned: crossing 9.0 m before rear-lock[0m
[1;32mLOCK_NEGATIVE performed: object now behind[0m
[1;32mFOOD aligned: crossing 9.0 m before rear-lock[0m
[1;32mLOCK_NEGATIVE performed: object now behind[0m
[1;32mDROP in nest & random-turn away[0m
[1;32mFOOD aligned: crossing 9.0 m before rear-lock[0m
[1;32mEARLY-STOP → could not nest: drop & resume wander[0m
[1;32mLOCK_NEGATIVE performed: object now behind[0m
[1;32mDROP in nest & random-turn away[0m
[1;32mFOOD aligned: crossing 9.0 m before rear-lock[0m
[1;32mBUMPED ROBOT → bouncing[0m
[1;32mLOCK_NEGATIVE performed: object now behind[0m
[1;32mFOOD aligned: crossing 9.0 m before rear-lock[0m
[1;32mBUMPED ROBOT → bouncing[0m
[1;32mBUMPED ROBOT → bouncing[0m
[1;32mLOCK_NEGATIVE performed: object now behind[0m
[1;32mFOOD aligned: crossing 9.0 m before rear-lock[0m
[1;32mDROP in nest & random-turn away[0m
[1;32mLOCK_NEGATIVE performed: object now behind[0m
[1;32mBUMPED ROBOT → bouncing[0m
[1;32mBUMPED ROBOT → bouncing[0m
[1;32mBUMPED ROBOT → bouncing[0m
[1;32mBUMPED ROBOT → bouncing[0m
[1;32mBUMPED ROBOT → bouncing[0m
[1;32mEARLY-STOP → could not nest: drop & resume wander[0m
[1;32mEARLY-STOP → could not nest: drop & resume wander[0m
[1;32mFOOD aligned: crossing 9.0 m before rear-lock[0m
[1;32mLOCK_NEGATIVE performed: object now behind[0m
[1;32mFOOD aligned: crossing 9.0 m before rear-lock[0m
[1;32mLOCK_NEGATIVE performed: object now behind[0m
[1;32mDROP in nest & random-turn away[0m
[1;32mFOOD aligned: crossing 9.0 m before rear-lock[0m
[1;32mLOCK_NEGATIVE performed: object now behind[0m
[1;32mFOOD aligned: crossing 9.0 m before rear-lock[0m
[1;32mEARLY-STOP → could not nest: drop & resume wander[0m
[1;32mLOCK_NEGATIVE performed: object now behind[0m
[1;32mDROP in nest & random-turn away[0m
[1;32mFOOD aligned: crossing 9.0 m before rear-lock[0m
[1;32mEARLY-STOP → could not nest: drop & resume wander[0m
[1;32mFOOD aligned: crossing 9.0 m before rear-lock[0m
[1;32mLOCK_NEGATIVE performed: object now behind[0m
[1;32mLOCK_NEGATIVE performed: object now behind[0m
[1;32mEARLY-STOP → could not nest: drop & resume wander[0m
[1;32mEARLY-STOP → could not nest: drop & resume wander[0m
[1;32mFOOD aligned: crossing 9.0 m before rear-lock[0m
[1;32mDROP in nest & random-turn away[0m
[1;32mLOCK_NEGATIVE performed: object now behind[0m
[1;32mEARLY-STOP → could not nest: drop & resume wander[0m
[1;32mFOOD aligned: crossing 9.0 m before rear-lock[0m
[1;32mEARLY-STOP → could not nest: drop & resume wander[0m
[1;32mLOCK_NEGATIVE performed: object now behind[0m
[1;32mDROP in nest & random-turn away[0m
[1;32mFOOD aligned: crossing 9.0 m before rear-lock[0m
[1;32mLOCK_NEGATIVE performed: object now behind[0m
[1;32mFOOD aligned: crossing 9.0 m before rear-lock[0m
[1;32mLOCK_NEGATIVE performed: object now behind[0m
[1;32mFOOD aligned: crossing 9.0 m before rear-lock[0m
[1;32mLOCK_NEGATIVE performed: object now behind[0m
[1;32mFOOD aligned: crossing 9.0 m before rear-lock[0m
[1;32mEARLY-STOP → could not nest: drop & resume wander[0m
[1;32mLOCK_NEGATIVE performed: object now behind[0m
[1;32mFOOD aligned: crossing 9.0 m before rear-lock[0m
[1;32mFOOD aligned: crossing 9.0 m before rear-lock[0m
[1;32mLOCK_NEGATIVE performed: object now behind[0m
[1;32mLOCK_NEGATIVE performed: object now behind[0m
[1;32mFOOD aligned: crossing 9.0 m before rear-lock[0m
[1;32mLOCK_NEGATIVE performed: object now behind[0m
[1;32mDROP in nest & random-turn away[0m
[1;32mEARLY-STOP → could not nest: drop & resume wander[0m
[1;32mDROP in nest & random-turn away[0m
[1;32mFOOD aligned: crossing 9.0 m before rear-lock[0m
[1;32mLOCK_NEGATIVE performed: object now behind[0m
[1;32mBUMPED ROBOT → bouncing[0m
[1;32mEARLY-STOP → could not nest: drop & resume wander[0m
[1;32mFOOD aligned: crossing 9.0 m before rear-lock[0m
[1;32mLOCK_NEGATIVE performed: object now behind[0m
[1;32mFOOD aligned: crossing 9.0 m before rear-lock[0m
[1;32mLOCK_NEGATIVE performed: object now behind[0m
[1;32mEARLY-STOP → could not nest: drop & resume wander[0m
[1;32mFOOD aligned: crossing 9.0 m before rear-lock[0m
[1;32mFOOD aligned: crossing 9.0 m before rear-lock[0m
[1;32mLOCK_NEGATIVE performed: object now behind[0m
[1;32mLOCK_NEGATIVE performed: object now behind[0m
[1;32mEARLY-STOP → could not nest: drop & resume wander[0m
[1;32mEARLY-STOP → could not nest: drop & resume wander[0m
[1;32mFOOD aligned: crossing 9.0 m before rear-lock[0m
[1;32mFOOD aligned: crossing 9.0 m before rear-lock[0m
[1;32mLOCK_NEGATIVE performed: object now behind[0m
[1;32mLOCK_NEGATIVE performed: object now behind[0m
[1;32mEARLY-STOP → could not nest: drop & resume wander[0m
[1;32mFOOD aligned: crossing 9.0 m before rear-lock[0m
[1;32mEARLY-STOP → could not nest: drop & resume wander[0m
[1;32mLOCK_NEGATIVE performed: object now behind[0m
[1;32mEARLY-STOP → could not nest: drop & resume wander[0m
[1;32mFOOD aligned: crossing 9.0 m before rear-lock[0m
[1;32mLOCK_NEGATIVE performed: object now behind[0m
[1;32mDROP in nest & random-turn away[0m
[1;32mEARLY-STOP → could not nest: drop & resume wander[0m
[1;32mFOOD aligned: crossing 9.0 m before rear-lock[0m
[1;32mLOCK_NEGATIVE performed: object now behind[0m
[1;32mDROP in nest & random-turn away[0m
[1;32mEARLY-STOP → could not nest: drop & resume wander[0m
[1;32mFOOD aligned: crossing 9.0 m before rear-lock[0m
[1;32mFOOD aligned: crossing 9.0 m before rear-lock[0m
[1;32mLOCK_NEGATIVE performed: object now behind[0m
[1;32mLOCK_NEGATIVE performed: object now behind[0m
[1;32mFOOD aligned: crossing 9.0 m before rear-lock[0m
[1;32mEARLY-STOP → could not nest: drop & resume wander[0m
[1;32mLOCK_NEGATIVE performed: object now behind[0m
[1;32mFOOD aligned: crossing 9.0 m before rear-lock[0m
[1;32mLOCK_NEGATIVE performed: object now behind[0m
[1;32mDROP in nest & random-turn away[0m
[1;32mDROP in nest & random-turn away[0m
[1;32mEARLY-STOP → could not nest: drop & resume wander[0m
[1;32mFOOD aligned: crossing 9.0 m before rear-lock[0m
[1;32mLOCK_NEGATIVE performed: object now behind[0m
[1;32mDROP in nest & random-turn away[0m
[1;32mEARLY-STOP → could not nest: drop & resume wander[0m
[1;32mEARLY-STOP → could not nest: drop & resume wander[0m
[1;32mFOOD aligned: crossing 9.0 m before rear-lock[0m
[1;32mLOCK_NEGATIVE performed: object now behind[0m
[1;32mEARLY-STOP → could not nest: drop & resume wander[0m
[1;32mEARLY-STOP → could not nest: drop & resume wander[0m
[1;32mFOOD aligned: crossing 9.0 m before rear-lock[0m
[1;32mLOCK_NEGATIVE performed: object now behind[0m
[1;32mFOOD aligned: crossing 9.0 m before rear-lock[0m
[1;32mLOCK_NEGATIVE performed: object now behind[0m
[1;32mFOOD aligned: crossing 9.0 m before rear-lock[0m
[1;32mLOCK_NEGATIVE performed: object now behind[0m
[1;32mFOOD aligned: crossing 9.0 m before rear-lock[0m
[1;32mEARLY-STOP → could not nest: drop & resume wander[0m
[1;32mFOOD aligned: crossing 9.0 m before rear-lock[0m
[1;32mLOCK_NEGATIVE performed: object now behind[0m
[1;32mDROP in nest & random-turn away[0m
[1;32mLOCK_NEGATIVE performed: object now behind[0m
[1;32mEARLY-STOP → could not nest: drop & resume wander[0m
[1;32mBUMPED ROBOT → bouncing[0m
[1;32mBUMPED ROBOT → bouncing[0m
[1;32mBUMPED ROBOT → bouncing[0m
[1;32mBUMPED ROBOT → bouncing[0m
[1;32mBUMPED ROBOT → bouncing[0m
[1;32mFOOD aligned: crossing 9.0 m before rear-lock[0m
[1;32mLOCK_NEGATIVE performed: object now behind[0m
[1;32mEARLY-STOP → could not nest: drop & resume wander[0m
[1;32mFOOD aligned: crossing 9.0 m before rear-lock[0m
[1;32mEARLY-STOP → could not nest: drop & resume wander[0m
[1;32mLOCK_NEGATIVE performed: object now behind[0m
[1;32mDROP in nest & random-turn away[0m
[1;32mEARLY-STOP → could not nest: drop & resume wander[0m
[1;32mFOOD aligned: crossing 9.0 m before rear-lock[0m
[1;32mFOOD aligned: crossing 9.0 m before rear-lock[0m
[1;32mLOCK_NEGATIVE performed: object now behind[0m
[1;32mLOCK_NEGATIVE performed: object now behind[0m
[1;32mFOOD aligned: crossing 9.0 m before rear-lock[0m
[1;32mLOCK_NEGATIVE performed: object now behind[0m
[1;32mFOOD aligned: crossing 9.0 m before rear-lock[0m
[1;32mLOCK_NEGATIVE performed: object now behind[0m
[1;32mFOOD aligned: crossing 9.0 m before rear-lock[0m
[1;32mLOCK_NEGATIVE performed: object now behind[0m
[1;32mFOOD aligned: crossing 9.0 m before rear-lock[0m
[1;32mDROP in nest & random-turn away[0m
[1;32mLOCK_NEGATIVE performed: object now behind[0m
[1;32mFOOD aligned: crossing 9.0 m before rear-lock[0m
[1;32mLOCK_NEGATIVE performed: object now behind[0m
[1;32mDROP in nest & random-turn away[0m
[1;32mObjects: [0m[1;32m2[0m
[0m